The World Wide Web Publishing Service service is not started.

More help is available by typing NET HELPMSG 3521.

There are no permanently inactive approvals.
Database cleanup is in progress, please be patient
Database cleanup encountered an error, please check your server and try again
Fatal Error: Timeout expired.  The timeout period elapsed prior to completion of the operation or the server is not responding.
The World Wide Web Publishing Service service is starting..
The World Wide Web Publishing Service service was started successfully.

Running... PurgeUnneededFiles
Starting a state machine reset...
State machine reset completed...
Deleted File D:\WSUS\WsusContent\F8\2CEF6BD33E05C46EFD51D49781AD161EEDBEAAF8.cab
Deleted File D:\WSUS\WsusContent\BC\2CF26723363AADBB4F002157AE5CCA454ACAADBC.CAB
Deleted File D:\WSUS\WsusContent\C4\BFF736F23BBE66A9C1442E86A302F0426CD2A6C4.exe
Deleted File D:\WSUS\WsusContent\87\FA0B074DDD993B7FA9D1ADDCB8AB4397A98B1687.exe
Deleted File D:\WSUS\WsusContent\A3\FA0B9A0B54573074D7CDCABB07605AFDFFD128A3.CAB
Deleted File D:\WSUS\WsusContent\F7\E187FFD7EF1105F774A03D8BD6DC2A62BE9B23F7.EXE
Deleted File D:\WSUS\WsusContent\BD\9F52873548C7932D610161181D35C770C7A150BD.exe
Deleted File D:\WSUS\WsusContent\96\024AB9E9C1EC7C20AD5BDC968369CFDDC86A0296.cab
Deleted File D:\WSUS\WsusContent\8F\BAF3FFCAD72C12BBCCBBFB0A9126293DC2FB958F.CAB
Deleted File D:\WSUS\WsusContent\5E\826590ED62C78E9B030D4E22F4DC105FD87CC85E.exe
Deleted File D:\WSUS\WsusContent\EF\BBFFFEA14CFE3BFBFA512667013B57E9FF8256EF.CAB
Deleted File D:\WSUS\WsusContent\F8\C447A19D8C2332464BE467D8B3E50AA317904EF8.cab
Deleted File D:\WSUS\WsusContent\C0\6E99C1E5FEB259B36B0FD4624F2DE342034816C0.cab
Deleted File D:\WSUS\WsusContent\5B\6E9CE3828AF0152681CF1C5DBD30C815A97CE95B.exe
Deleted File D:\WSUS\WsusContent\27\28640240D1611367696A83098A7BB75CAD636727.CAB
Deleted File D:\WSUS\WsusContent\02\384783AFA3F3631F24E91D196E00D2F51A04A402.CAB
Deleted File D:\WSUS\WsusContent\B4\54BFFE0AD2B2B990F87D0BACB6327E9BEAE904B4.cab
Deleted File D:\WSUS\WsusContent\E9\E66273B7896DC00133F4D18FF98308AE1C9F3DE9.CAB
Deleted File D:\WSUS\WsusContent\02\D1CED60F3F0D65678245DF3CCBDE16AE3C53E302.exe
Deleted File D:\WSUS\WsusContent\52\304227EE4C9787AA58A4C0318BDED186C4C16152.exe
Deleted File D:\WSUS\WsusContent\55\3D95CE9CA2788797DCBC1A2DA10BB098D8CCC755.exe
Deleted File D:\WSUS\WsusContent\9D\E44FB447E397A0250487376B057B620542FC589D.CAB
Deleted File D:\WSUS\WsusContent\0B\82C8CDB033022FB800CB7FF0BCA79ECDB1CD5B0B.CAB
Deleted File D:\WSUS\WsusContent\85\EF67306DB27793E27D0FE97AAFCE94592F350B85.exe
Deleted File D:\WSUS\WsusContent\7A\AFFE68329462028DB8BD5B6A64FCAA4CC5064A7A.exe
Deleted File D:\WSUS\WsusContent\BB\ADF66934D11D24BABFA88ED3139FAF806A75BBBB.CAB
Deleted File D:\WSUS\WsusContent\64\E031545578F772FB1DF05F13C7EB002EC392D264.CAB
Deleted File D:\WSUS\WsusContent\EF\18402B37F843AD1196DD15054E0C96E62A9C93EF.CAB
Deleted File D:\WSUS\WsusContent\DA\0E885711007F4C2337F1FC3531B1A1132E6FA0DA.cab
Deleted File D:\WSUS\WsusContent\D8\D3BAA3D46B6F8FDA7D1D35441EB447CFCFD626D8.CAB
Deleted File D:\WSUS\WsusContent\04\6D8E6BB725BBC610DF98701E65E403119DBF6104.CAB
Deleted File D:\WSUS\WsusContent\D7\6FD03A4DE1C7AD895A138CE3CCF9C6FDF95A62D7.cab
Deleted File D:\WSUS\WsusContent\83\322C4ABCD98A41FD5F0B512938DBC3368DC95383.cab
Deleted File D:\WSUS\WsusContent\B1\1B9EF0777397B6781BBC27A90D4D9894F19ADEB1.exe
Deleted File D:\WSUS\WsusContent\46\4D8CF0523BFC30F410AD62F74A77ADDB98D6CA46.CAB
Deleted File D:\WSUS\WsusContent\D5\CA9BA38271FE111335291E1302BD59AB7DEBCED5.exe
Deleted File D:\WSUS\WsusContent\8F\41291CC341C2232C56DB67FCE58510D7B4F45E8F.exe
Deleted File D:\WSUS\WsusContent\4F\5D2FF62B66B57394D4EFE7B0C1BD147CD068BA4F.cab
Deleted File D:\WSUS\WsusContent\CD\471D543C0FC499652B8ABF7C6E5FCEB07F3508CD.cab
Deleted File D:\WSUS\WsusContent\6A\8F3D3C3CB2C781BF3180EE90DCD4F4D797FEE66A.exe
Deleted File D:\WSUS\WsusContent\51\D928B922B26685CDA12730C94EBE29B7A6C54051.CAB
Deleted File D:\WSUS\WsusContent\4B\D92A8C98328254B38E4ADBAC879C532F1B65C44B.exe
Deleted File D:\WSUS\WsusContent\9C\B1FB5A8A51DA84E7A6B61E8D92665AE36D6A309C.exe
Deleted File D:\WSUS\WsusContent\45\A5AB1F82579C2D761BC92B66C88112C6897EDC45.CAB
Deleted File D:\WSUS\WsusContent\4A\A5AED29B338F7A50443E51E47AE9F12157EF544A.EXE
Deleted File D:\WSUS\WsusContent\E1\CE340DE08BFC49C79B19A7CB4963845DDC2B43E1.cab
Deleted File D:\WSUS\WsusContent\2D\E0F98D8546F5AE99806C04B362A9472DFB0AD22D.exe
Deleted File D:\WSUS\WsusContent\FE\86067CE404FF7480ADC3A8A1FFB60E1FBC4FF1FE.CAB
Deleted File D:\WSUS\WsusContent\43\84AC3B6321F21D02DFE5C6622A067C746CEC7043.cab
Deleted File D:\WSUS\WsusContent\24\D7FC3B7016AAAA4F05889E014863B5A84EF5A924.CAB
Deleted File D:\WSUS\WsusContent\19\E95C5C85FAADBA1029F8E470BEED5B7BEDDCB719.CAB
Deleted File D:\WSUS\WsusContent\98\A93718FEF42F2B5621F5736A0D71D2430B828898.CAB
Deleted File D:\WSUS\WsusContent\83\D3E238308C270C61F9EE32D9D11B739ECFB1C483.CAB
Deleted File D:\WSUS\WsusContent\33\368A49D7E8FF03A327B2A4CF98AA1EF6DAF5AE33.CAB
Deleted File D:\WSUS\WsusContent\70\6F157D7117C4B802202E3EB62EC28FEB89A5AF70.exe
Deleted File D:\WSUS\WsusContent\FB\07C30787A1E0C1BDE94517C2A8BE3011961548FB.cab
Deleted File D:\WSUS\WsusContent\EB\07C549F81E39A31F7BFF2EBB4D3BB46B834E79EB.CAB
Deleted File D:\WSUS\WsusContent\0B\21E3C7A2B91D5484A9610681FA45376382F5F50B.cab
Deleted File D:\WSUS\WsusContent\61\69BB4130792D3F4ABD846672DE62A8C453EAA261.cab
Deleted File D:\WSUS\WsusContent\A2\7A2EC19872C2DAFB14D374CE4EE5E45282963BA2.CAB
Deleted File D:\WSUS\WsusContent\88\04E934062667098FF9C1157A8E9FEC5B5DD72A88.cab
Deleted File D:\WSUS\WsusContent\38\4A06A351B37828CA41591F769BEF83B854298D38.exe
Deleted File D:\WSUS\WsusContent\EA\D837403478946B9B81E24FF093BC7843776B8BEA.exe
Deleted File D:\WSUS\WsusContent\09\9C7E69E186AC27378DAEA707340E451311820209.cab
Deleted File D:\WSUS\WsusContent\BD\9C7EEBE1B63FE01783C54E59AD65684C45A6A3BD.CAB
Deleted File D:\WSUS\WsusContent\16\3530A02F46BEF9926C25A97380759C5324156816.CAB
Deleted File D:\WSUS\WsusContent\87\90DFC3C849941CDF7B7D334071FAC3BB45E87087.exe
Deleted File D:\WSUS\WsusContent\93\45FBCED2D8AB8AC73C05089A54B10738D371C893.exe
Deleted File D:\WSUS\WsusContent\6B\51E1759A1FDA6CD588660324ABAED59DD3BBE86B.exe
Deleted File D:\WSUS\WsusContent\B6\5C3C6D224A53F39771F6680388355B721F894EB6.EXE
Deleted File D:\WSUS\WsusContent\81\0DA171BD922ACB9D2D43737715B0391078A23C81.EXE
Deleted File D:\WSUS\WsusContent\55\930DF4F76B931C8456DF6F33140C96BB4D380F55.exe
Deleted File D:\WSUS\WsusContent\F7\97D78E194B9DB9E96363545B8A6A11C1FC40EDF7.CAB
Deleted File D:\WSUS\WsusContent\DC\726A612C5D2025D350E926F23A1683320145CBDC.CAB
Deleted File D:\WSUS\WsusContent\40\2F9ED468FF5C18CCB1AE88B271366B75A69F0C40.CAB
Deleted File D:\WSUS\WsusContent\22\4181F896CF2A8C7886117AFA14DD1A175FE9F822.cab
Deleted File D:\WSUS\WsusContent\72\4FDAACA439C76BB4D237FD1770B71F80CD9D8472.cab
Deleted File D:\WSUS\WsusContent\2F\A43D632BA8BFBFF0F761713CCF07A048BCDFC92F.CAB
Deleted File D:\WSUS\WsusContent\74\A44127BD43963EB1006230E984EE98494400BB74.cab
Deleted File D:\WSUS\WsusContent\C5\E0B617EEF40F2D85FB38BEF75DC2A1BCC57DCFC5.CAB
Deleted File D:\WSUS\WsusContent\58\C8E9F19CC49C97B6206958C3810EABE17B00B958.CAB
Deleted File D:\WSUS\WsusContent\D8\EDE1AAB298B7FC2158E111483738C35CCC3474D8.CAB
Deleted File D:\WSUS\WsusContent\5F\865AE7005EC90878629BF2AD5C291394DE5D6C5F.EXE
Deleted File D:\WSUS\WsusContent\7B\3C86F7D2804689B9A9A3A590C2606D44BC74C07B.cab
Deleted File D:\WSUS\WsusContent\CB\2920884EAC41771A5FCAA0FA3A4C383D842A27CB.cab
Deleted File D:\WSUS\WsusContent\4B\FA837EB71B7146ADF9437666A52312A3E5F5FA4B.CAB
Deleted File D:\WSUS\WsusContent\A2\C07ED55A002E33A990B4E0F774480934EB61DCA2.CAB
Deleted File D:\WSUS\WsusContent\A5\4F32E570D8398DB54FD217E482345774C8A776A5.exe
Deleted File D:\WSUS\WsusContent\AA\27D8E588509C42CD65B307E6056F3C227D0F83AA.CAB
Deleted File D:\WSUS\WsusContent\BB\7897EE16F46B8AF44B55D35301394FE1B598DABB.exe
Deleted File D:\WSUS\WsusContent\4D\7FFCF62FCCB43AF3BC1CFD965742B4ADFE07184D.CAB
Deleted File D:\WSUS\WsusContent\31\ED0B04E646E0348E1A826836BBE7E523366A0F31.exe
Deleted File D:\WSUS\WsusContent\14\D5342146F47149403C5FBC43394E4ACBB5849B14.exe
Deleted File D:\WSUS\WsusContent\D7\9577FF9693BD39E5F80AB69C60D339DB8A747FD7.CAB
Deleted File D:\WSUS\WsusContent\9D\A7713D53A013132349C9E9193C8C9EB1E3A1809D.exe
Deleted File D:\WSUS\WsusContent\B5\0BFC3624A88E78480819A1A3E3C470F2EABCD1B5.CAB
Deleted File D:\WSUS\WsusContent\BE\C3B1BF0EDB1F29328C1CDE442A5A92D08D420FBE.exe
Deleted File D:\WSUS\WsusContent\DA\DA0CA4A99B247A9552A0608C1E2800FF44F60ADA.cab
Deleted File D:\WSUS\WsusContent\10\8B870847668DB02209FC7D0FFD0655B775224F10.CAB
Deleted File D:\WSUS\WsusContent\90\1222F1436D782D8DD6B6FA96838E3E884AA20690.exe
Deleted File D:\WSUS\WsusContent\C3\122B18DFA20DD1E4784AABDE1299022BE5E729C3.CAB
Deleted File D:\WSUS\WsusContent\05\7067CAEA36F12317DDD5F6F8B7556CFA21B40405.cab
Deleted File D:\WSUS\WsusContent\C3\1975508592786CEE4F8841E8E0325FE693C60EC3.CAB
Deleted File D:\WSUS\WsusContent\7D\AB4FE911A12C06E27286C25FBD03A47A8D43A67D.CAB
Deleted File D:\WSUS\WsusContent\5A\563AA6FB4B9F18C4497DFFEA2E7E0629B2DF6A5A.EXE
Deleted File D:\WSUS\WsusContent\30\30BFC8C618CCD14BBFC591D5E6B24D47756DB930.exe
Deleted File D:\WSUS\WsusContent\06\8DDEE003FC2C699ED5DEDD56E0FB2EF0AB0E4F06.CAB
Deleted File D:\WSUS\WsusContent\00\7F9ADEC2C405310761E02C6E2DC14AC79DD7B400.exe
Deleted File D:\WSUS\WsusContent\0D\D56D8F08A4CA271577A910E904F4212C50948A0D.CAB
Deleted File D:\WSUS\WsusContent\A4\3363DFE939BA30FFCE1D8EC3EABACFF074CAE5A4.CAB
Deleted File D:\WSUS\WsusContent\64\B7D027A93BE938BFB87A61CA52356A0B1FD03564.cab
Deleted File D:\WSUS\WsusContent\0D\974E14F15C7EFCD66054107DEAC202B90DBC700D.CAB
Deleted File D:\WSUS\WsusContent\6D\016969461022E4FF4F262353847E0A400E18256D.exe
Deleted File D:\WSUS\WsusContent\2D\76DCF5C52F3721713E5FDCF01E041199F96F622D.CAB
Deleted File D:\WSUS\WsusContent\E1\04A4C6CD007DDB9BBC4AF39AE04787DBE99C0CE1.exe
Deleted File D:\WSUS\WsusContent\78\7D6888BA5B67E78599AC867FDBC3C11378712F78.cab
Deleted File D:\WSUS\WsusContent\64\B5CAA5C40856635B21D9151B9A0597EFC9364264.exe
Deleted File D:\WSUS\WsusContent\0B\E321D3469183953969A50BC87330FD25E01D760B.CAB
Deleted File D:\WSUS\WsusContent\A5\71B04A8284495D33795D373CD034421A3CD1CDA5.cab
Deleted File D:\WSUS\WsusContent\79\358608C5C657108B4DA07AA07F5C7DCF44457A79.cab
Deleted File D:\WSUS\WsusContent\43\528776B685A831D4649000DF1453378DF9A63143.cab
Deleted File D:\WSUS\WsusContent\38\5290147523C409A13D71FEAEDF1FF4CE9B2A0238.CAB
Deleted File D:\WSUS\WsusContent\58\F4C4BE79CA65C7A4AF020DA981CF2D0BCC9D9158.exe
Deleted File D:\WSUS\WsusContent\65\D1ECFBDAA25CF848B2A2C051AF52AB1AEAED1165.exe
Deleted File D:\WSUS\WsusContent\06\FC49DA13AE84A3412FE0016EB394148B2B255E06.CAB
Deleted File D:\WSUS\WsusContent\F1\2FC6B96D3CBD8E753C9547654B66B0AD8A9882F1.cab
Deleted File D:\WSUS\WsusContent\7E\A8AA988D8A4FF2500AAD01FB687BA94FE10FD37E.exe
Deleted File D:\WSUS\WsusContent\7E\C2582D98BD84988A38D170D02775CF48F824DA7E.CAB
Deleted File D:\WSUS\WsusContent\26\E71E8F56B667CFA5516D0450FE5525EA19428B26.CAB
Deleted File D:\WSUS\WsusContent\2B\A968344190E077393C9D38D7AD1F351FCDF7F62B.exe
Deleted File D:\WSUS\WsusContent\6F\A2A7ADF182587F5478E7ED603D77DFF03078DF6F.exe
Deleted File D:\WSUS\WsusContent\35\A7FFFCCB44A04DD3A363594D66DD008EC9AFCE35.exe
Deleted File D:\WSUS\WsusContent\7C\CC31CB656FC8334E86F1E034DAF0443986F7657C.exe
Deleted File D:\WSUS\WsusContent\E0\5007F011B6BD753AF50C70C7D5085647473B03E0.CAB
Deleted File D:\WSUS\WsusContent\D0\919EE54E1AB86432FC9A018FB649496D7DB022D0.CAB
Deleted File D:\WSUS\WsusContent\EA\1D2EB0E97670744A21CC9982333A9C24BB8DF1EA.exe
Deleted File D:\WSUS\WsusContent\AA\08CEE968B081EE78B5F82FB551C1D2D1CA304CAA.CAB
Deleted File D:\WSUS\WsusContent\F6\695747C1662805EC2DBAB073CF2FD49CC4EAC8F6.exe
Deleted File D:\WSUS\WsusContent\88\2EFEBADCA339D07DFF4215BD6E7562FB321D4088.exe
Deleted File D:\WSUS\WsusContent\5F\467AE45C2DEBB867F8E8DFDE0A7B219BF5214C5F.cab
Deleted File D:\WSUS\WsusContent\28\470973D4BB39326A1BC125BC2355784603A80F28.cab
Deleted File D:\WSUS\WsusContent\72\9106AD8BD0AFECA1C77C2A0D6226ACFA9FD20072.exe
Deleted File D:\WSUS\WsusContent\73\FE3743D3DB8D0382C5C2847F384551606F545B73.EXE
Deleted File D:\WSUS\WsusContent\6A\E5B910E1920F9304E4E02DE3FBF1536DB760866A.CAB
Deleted File D:\WSUS\WsusContent\A4\AA688EE0CBA9C29918FB299B141A35E40FAE1BA4.cab
Deleted File D:\WSUS\WsusContent\34\F118BD276F4211929719961A2E929B620C1A2234.EXE
Deleted File D:\WSUS\WsusContent\D7\5AED7525025390DFA070AB2FA3C841BF6F3BF9D7.exe
Deleted File D:\WSUS\WsusContent\4C\4A6F0E843A7C3753AA06ADCCA99D701B5765274C.cab
Deleted File D:\WSUS\WsusContent\5B\90C51C225E839AA753BD5F96128C68BC8ED7895B.exe
Deleted File D:\WSUS\WsusContent\2A\F4027A678A4D1E2E545EE103E8CCE4129DD5072A.EXE
Deleted File D:\WSUS\WsusContent\DC\9DC275A1259332219F27338EE9983D9CF9E78DDC.cab
Deleted File D:\WSUS\WsusContent\09\3260E1598229363BFE46737C7E8ACED362677709.EXE
Deleted File D:\WSUS\WsusContent\17\0ECEF59A3FA47127DEECACF4F2E4A6BA82DE4117.exe
Deleted File D:\WSUS\WsusContent\31\E0D0BCAF7B65F24559CE8B8CE8C55E415018EF31.CAB
Deleted File D:\WSUS\WsusContent\F3\89DBCB178588F0E46F8A98420E8F74B62A6A97F3.CAB
Deleted File D:\WSUS\WsusContent\31\E935AB5D84E910C6420B065A8EA293D49D0E0631.cab
Deleted File D:\WSUS\WsusContent\C7\7C0349E81CF150F691116156AEA08744C15EBDC7.cab
Deleted File D:\WSUS\WsusContent\A5\91EC4D768A200A3E89BB8DCCBFFD7B23153DECA5.exe
Deleted File D:\WSUS\WsusContent\05\84C4F0381BDE480AB856434016FE1BDF1DC37D05.cab
Deleted File D:\WSUS\WsusContent\39\84C7A37233BC25F51F5E0ED0817B2E9A22D6C939.exe
Deleted File D:\WSUS\WsusContent\80\610AFBD4B65BFF47C66C7B91695F0B5A98303380.CAB
Deleted File D:\WSUS\WsusContent\62\6111E166992BF34CF3F7AC23936632EB19FFB362.cab
Deleted File D:\WSUS\WsusContent\02\2623A78441DD45970C58709CFC2954261172E902.CAB
Deleted File D:\WSUS\WsusContent\3C\BF3FE4B6A9E43C7402B34FAF7FC361BAD94E423C.cab
Deleted File D:\WSUS\WsusContent\60\21B3A0A0B7BBAEF2E72DDBCD06A4ED3E74392560.CAB
Deleted File D:\WSUS\WsusContent\C0\574C47D525641D9235823ACA7FAA5B1F44C784C0.cab
Deleted File D:\WSUS\WsusContent\D1\28DB6146178D1D5AB6D1453CA7F2B6E1AA012ED1.CAB
Deleted File D:\WSUS\WsusContent\EA\DC54CCF81B9D72B94D2554FF2676CC9AC71840EA.exe
Deleted File D:\WSUS\WsusContent\B7\E140C1ADC93BB7F99C488CA421853FBC5DD9B0B7.CAB
Deleted File D:\WSUS\WsusContent\1A\37482C3789E5A6772579FF942723C9B8AD0F8D1A.exe
Deleted File D:\WSUS\WsusContent\64\AC97ABBAF4BC4EDCD57AA206041F786461836664.cab
Deleted File D:\WSUS\WsusContent\80\CFD46E32B63939CF86703F1D2F9CE4E7921C5E80.exe
Deleted File D:\WSUS\WsusContent\BA\CFD6525958213C0A6F421884D9C61C376A9940BA.exe
Deleted File D:\WSUS\WsusContent\5B\254A47F1AD9F6DE5382406F0ECE778816AAFD35B.cab
Deleted File D:\WSUS\WsusContent\CC\1661DC259AB1D5D13D095ECC5A19E8CE315745CC.CAB
Deleted File D:\WSUS\WsusContent\58\0771BC7AEBD99108185D79E9BA79F70800F70658.CAB
Deleted File D:\WSUS\WsusContent\3F\DA93E58A2B6F39ED2063F485E9B3E3261715313F.exe
Deleted File D:\WSUS\WsusContent\BF\D88D65EDED6AE58539B33CF4213E677892698EBF.CAB
Deleted File D:\WSUS\WsusContent\53\0552F24275466011D81F6E88433D1210945FB653.CAB
Deleted File D:\WSUS\WsusContent\90\A7C0B3DCEB61E3495D9B9CE8F10196A637179190.cab
Deleted File D:\WSUS\WsusContent\D7\9B2C08067FC5F9CF6706EF0DF80DD40720B5B3D7.exe
Deleted File D:\WSUS\WsusContent\3D\F171651B6E9A2CFAFA7F882400D6DE033C17013D.exe
Deleted File D:\WSUS\WsusContent\69\00490323C5E931BE9DB44CE72B8648806F54B769.exe
Deleted File D:\WSUS\WsusContent\E3\4B3032FA8F7793FEF10CF4B6A785510FAEF47CE3.CAB
Deleted File D:\WSUS\WsusContent\D7\F2F9EFD30F27E5466DB2744B15B8F52D2A4F98D7.cab
Deleted File D:\WSUS\WsusContent\B6\548EC5755DEBF81EF2E717D1F81867A159558FB6.CAB
Deleted File D:\WSUS\WsusContent\D0\3F8BE9466030011523623EB42A3EBBC955379BD0.exe
Deleted File D:\WSUS\WsusContent\EF\4D4787AB830428615438A8CBE2B6A770F64807EF.CAB
Deleted File D:\WSUS\WsusContent\E5\E39299E6DBF6A123EDA489BC213BBF063CF85FE5.CAB
Deleted File D:\WSUS\WsusContent\E0\FAA18234F01B84948379F9399CC90C99B43675E0.CAB
Deleted File D:\WSUS\WsusContent\04\372682ED71923DEC4BF9523ABA7FDDF55FC7C004.exe
Deleted File D:\WSUS\WsusContent\0C\B2D192AF29A3C9842C3BAA14525FD1291850FE0C.CAB
Deleted File D:\WSUS\WsusContent\6A\4237E4B31BF9568781DC324BD20C214B67755C6A.cab
Deleted File D:\WSUS\WsusContent\D8\17FD8568F53D554E0DCC378C897F4738ED598CD8.CAB
Deleted File D:\WSUS\WsusContent\9C\5D7A2D5426DB018815D5D07DC2B963DFB8884D9C.cab
Deleted File D:\WSUS\WsusContent\33\C6D59C8A5069095F62CB32C7ED6D68AEF8F99433.CAB
Deleted File D:\WSUS\WsusContent\AC\CC631CC707F7FC3AC86BCD5D7A58E98E6C0AC8AC.CAB
Deleted File D:\WSUS\WsusContent\B3\57890F1F1B5B106C6195407D3776B608B5DB6EB3.CAB
Deleted File D:\WSUS\WsusContent\4F\BE89B78C687B45E5F630D7E7EFDD9B576EC0E04F.EXE
Deleted File D:\WSUS\WsusContent\C7\701E2F891F0DB195EF16D96A4B3292E6B752DEC7.exe
Deleted File D:\WSUS\WsusContent\BC\02CC44833EA847A029C37A80AD1F46695814B1BC.CAB
Deleted File D:\WSUS\WsusContent\8A\FA23F838CA5A946D8A48786DE189EE085CB23D8A.exe
Deleted File D:\WSUS\WsusContent\5F\ADB7208B20C68923B38BD13FBBD2B4CDB9E96D5F.exe
Deleted File D:\WSUS\WsusContent\96\B53205F41FE496668ABF8F632DEC91650F63E096.cab
Deleted File D:\WSUS\WsusContent\71\7C956C7F210320514A31E4CA6F1C92643FDB8371.exe
Deleted File D:\WSUS\WsusContent\1D\52F946283B8C6F35F81DF66F08839D5FFE82A51D.CAB
Deleted File D:\WSUS\WsusContent\BE\099AC44DD37E4D04565D3F368A884CC07C01AEBE.exe
Deleted File D:\WSUS\WsusContent\BD\5F9FCBE5941E4DCD7F17077C862795ABF1A4F0BD.CAB
Deleted File D:\WSUS\WsusContent\21\192F79FBD04B50F2EF677540D6ACC709DB2B2021.exe
Deleted File D:\WSUS\WsusContent\3F\8B2221FCC12A2B7447782486248E337785ABF63F.exe
Deleted File D:\WSUS\WsusContent\6F\F22D3D7DD0053F7E6A994DD8F9EB3C2EADBEBB6F.cab
Deleted File D:\WSUS\WsusContent\61\9FCE61602DAD35C08B479A53D2E4988905C90C61.CAB
Deleted File D:\WSUS\WsusContent\51\71BF34201D8C7013DD25CAE7ECC63A2471574451.exe
Deleted File D:\WSUS\WsusContent\40\71C2C1E082CB0803B70BFE76636321BB1C951640.cab
Deleted File D:\WSUS\WsusContent\FA\D2A3CAB1B3046B67B4222891629B484B03C55AFA.CAB
Deleted File D:\WSUS\WsusContent\47\6F8E353D862CA16A7D7F6336E4452ED701B9A247.exe
Deleted File D:\WSUS\WsusContent\53\67ECA0E10D2D663CF3CED655C10B147325B86A53.CAB
Deleted File D:\WSUS\WsusContent\E9\C23F9539E13AA28DB77269B4AA4B1240D64E9FE9.cab
Deleted File D:\WSUS\WsusContent\DA\3E034AFD6478FBAC2BE123ABE64E6C4D8AE9B3DA.exe
Deleted File D:\WSUS\WsusContent\B6\E63DBD54746AAECE776C49265D743AB26FBC9EB6.CAB
Deleted File D:\WSUS\WsusContent\16\77EFB2316F1E058D6134FF2A473F89646AD77816.exe
Deleted File D:\WSUS\WsusContent\C8\E83E8D94EA4F59F95E37C58D26782329ABF020C8.exe
Deleted File D:\WSUS\WsusContent\F5\3F26D50FBE464003B12C2F4663FD143BBFB848F5.CAB
Deleted File D:\WSUS\WsusContent\07\01FE2570DBEE3DEDC031B5084C2A287C54CC5307.CAB
Deleted File D:\WSUS\WsusContent\AC\02085745E62E74B10F6F9882379899F566048AAC.CAB
Deleted File D:\WSUS\WsusContent\1A\9C289B65EFA3622A2D178748E3AA436B8F755C1A.exe
Deleted File D:\WSUS\WsusContent\2A\9C2E49622440C57A74CA67B62A91A6BD8A754D2A.CAB
Deleted File D:\WSUS\WsusContent\24\AA93EA96624257CBF648359D933902FB8866BB24.cab
Deleted File D:\WSUS\WsusContent\D3\43C32C2A9C14E3E5967320F7EA1272425D5CC4D3.exe
Deleted File D:\WSUS\WsusContent\30\159134FCF706E9875DCAB9938858DD9DA793E330.CAB
Deleted File D:\WSUS\WsusContent\08\D2B12991E1186EF77BBD6C24C0F4CE1295550308.exe
Deleted File D:\WSUS\WsusContent\9D\A1BA1DC0D4BBD60DBD44A3A96A004C028C951F9D.exe
Deleted File D:\WSUS\WsusContent\08\0E58DCB38724BBFA30E9C55290C63BB824635F08.cab
Deleted File D:\WSUS\WsusContent\12\EDAF6A3F5A9F1D7042C930DAB20E338441820D12.cab
Deleted File D:\WSUS\WsusContent\ED\2A5A75B63D0F2C9B9219A1D101237D00B523A4ED.CAB
Deleted File D:\WSUS\WsusContent\BE\EFC521D0AB96DD581FA3E3BA7A6FCBFB71FD6CBE.exe
Deleted File D:\WSUS\WsusContent\0C\28AD8038E281EC1553DAE4D230E426B0648DB50C.CAB
Deleted File D:\WSUS\WsusContent\80\62EB3080F4FC1AE7F69779EA31E91270344D7B80.CAB
Deleted File D:\WSUS\WsusContent\33\807A68D4953AF31A1754C8D37D530956544D4B33.exe
Deleted File D:\WSUS\WsusContent\76\32773A924D51F657BD2AC212E20E85ED63B5CD76.CAB
Deleted File D:\WSUS\WsusContent\9A\B5E6AEE60B96406476D1B94C519CE4C34B0CB99A.CAB
Deleted File D:\WSUS\WsusContent\DB\1D09E8A391346BFE1D125FF90EF884D53787E6DB.CAB
Deleted File D:\WSUS\WsusContent\45\11495D4C41770A984E65A0F322D344E7BC89D445.cab
Deleted File D:\WSUS\WsusContent\30\8E0234BE21868CB9A6A4B2B615FBD8959600C930.EXE
Deleted File D:\WSUS\WsusContent\90\8B07829EA20A407A5FBA652E5B6F4B1CD2F5A290.exe
Deleted File D:\WSUS\WsusContent\E3\483CD1952B4C2A3F7532E74405CEB00359FA45E3.CAB
Deleted File D:\WSUS\WsusContent\1D\FFCCE7960FC46EBF86408BAD8F20757BDFEF651D.exe
Deleted File D:\WSUS\WsusContent\DC\6AD4483E75076EAB27A5EC975A059DE9871243DC.CAB
Deleted File D:\WSUS\WsusContent\C5\6AD6F0B11B1FB68DCC6128F345896CCD5C8950C5.exe
Deleted File D:\WSUS\WsusContent\C2\52D01284DE5E9DDCC88D806E4AB4559DB701FDC2.cab
Deleted File D:\WSUS\WsusContent\0E\52D49E25A449789DEF91B781A515EF47AAF6E60E.CAB
Deleted File D:\WSUS\WsusContent\C9\52D51900D9716654EF4F7DCEE00AC5DE672DE5C9.exe
Deleted File D:\WSUS\WsusContent\6A\E328EB09AD89AE313DF3ED4105E39D83EF24C26A.exe
Deleted File D:\WSUS\WsusContent\E0\8BAF8598637473A28881CA94EDB29270F9E587E0.CAB
Deleted File D:\WSUS\WsusContent\AD\95E4D9263A09799985C650ADBE72F522C92106AD.exe
Deleted File D:\WSUS\WsusContent\6A\53A2F4A00C06A9148496A63DA2A0FE91CA0AC76A.CAB
Deleted File D:\WSUS\WsusContent\C7\4EE517E902B779B481D0AC53D27E2CD58535E5C7.CAB
Deleted File D:\WSUS\WsusContent\DD\AC20122714D5551DF946BD6A58C7AD5D2C3F5FDD.cab
Deleted File D:\WSUS\WsusContent\18\AC2E489EC32228EBD544D0B0F06032F0FD16DC18.exe
Deleted File D:\WSUS\WsusContent\A1\8A63F24FDFD5CFA14354F04F18E9BE2ED4F701A1.EXE
Deleted File D:\WSUS\WsusContent\42\4B31B4AC586CD4BFA16E8FB32D3B15D74E079342.EXE
Deleted File D:\WSUS\WsusContent\31\53DBA9EA5B15A33F6912D482CDBBCEF4B1C12231.exe
Deleted File D:\WSUS\WsusContent\21\53DD3F418BBEE3F93ACEAEFE5F442530DB388921.exe
Deleted File D:\WSUS\WsusContent\11\4A0BF7C22215CBCC3CFDC3B58B8F1234042C1611.CAB
Deleted File D:\WSUS\WsusContent\1C\F0B219DE4CF7CAC9F40A2E26B8B83A41F5B2141C.cab
Deleted File D:\WSUS\WsusContent\C8\5D16EC29982FCF0BF6C4EDF57E0D9F16319691C8.exe
Deleted File D:\WSUS\WsusContent\E0\5B5448A6CA6EC682189A919A002A2D3A872A6CE0.cab
Deleted File D:\WSUS\WsusContent\B8\88E5849009DF35A486170E8DBE99F9DEB0B1C5B8.CAB
Deleted File D:\WSUS\WsusContent\2D\36D539605193507F2AF2B5BE3D240BD9284DED2D.CAB
Deleted File D:\WSUS\WsusContent\8A\006E4DAE7BA025ABC4A10A81335E757D319C018A.CAB
Deleted File D:\WSUS\WsusContent\CB\D7D7CF5245AC7D7E0B888D8A0625CD5FAAB27ECB.CAB
Deleted File D:\WSUS\WsusContent\CA\A214644C1511B252F4B3510612B151A4F80E94CA.exe
Deleted File D:\WSUS\WsusContent\DA\3240CAD993F52CF1F645DF7DBC95D86ED5B6ABDA.cab
Deleted File D:\WSUS\WsusContent\F1\6DE27B0B2C1C5E05EBD5200D7729A9B42AE0A6F1.CAB
Deleted File D:\WSUS\WsusContent\4C\141D20C7C13FB18BE77F026919585A56F7F5FC4C.CAB
Deleted File D:\WSUS\WsusContent\E5\6F1A44AB9A2E17C66FAA994918740023822982E5.cab
Deleted File D:\WSUS\WsusContent\6B\FE54BEDCD3BC4DEB9AC65207B7654F148769BF6B.CAB
Deleted File D:\WSUS\WsusContent\A9\14F520ED270C1604B61EB8F7A95F5A13513E8DA9.exe
Deleted File D:\WSUS\WsusContent\34\69CD1F4A8317319EE8D5D421CFF36DF4F3649934.cab
Deleted File D:\WSUS\WsusContent\3C\CE8731562532F0B2EFC2059706CEBF414EB7563C.exe
Deleted File D:\WSUS\WsusContent\B2\3CB2EE08BBF7E1D885A68196917B4A56828473B2.cab
Deleted File D:\WSUS\WsusContent\30\5392EF50D755C60C929801703BEE979EC6D80D30.exe
Deleted File D:\WSUS\WsusContent\95\25E2D8BC23A8ABE172483750539149812D0AD495.CAB
Deleted File D:\WSUS\WsusContent\1C\3EE7498BF51C83A95725AA9FDD54F327B796C71C.cab
Deleted File D:\WSUS\WsusContent\BF\DAEEDE4837F5E9F3EA6C7E73B1578A6515168FBF.cab
Deleted File D:\WSUS\WsusContent\2D\B17B2D2FE26518B65BC71B77DDFFAB3640E4CC2D.cab
Deleted File D:\WSUS\WsusContent\DF\B184762AE6115013BD0E769309EA0B48D64DE4DF.EXE
Deleted File D:\WSUS\WsusContent\68\CF6D2A917D85F8E448BE7B7F9D3CB7A9D8A78668.CAB
Deleted File D:\WSUS\WsusContent\6A\0D4E5F6F72B9D23D06C3571BA129A8B7DE85826A.CAB
Deleted File D:\WSUS\WsusContent\BD\69355BFDB8DE41E3C88E6D57F7091315DB759FBD.cab
Deleted File D:\WSUS\WsusContent\B2\98FDB7C486D36175BB89DE976D3C48467440FEB2.EXE
Deleted File D:\WSUS\WsusContent\1F\771A495D2E81B1D3CC9C4CF15B2771CB1AA7D01F.EXE
Deleted File D:\WSUS\WsusContent\F3\3F677EE3BF5623EB045822EFA8E93121964957F3.CAB
Deleted File D:\WSUS\WsusContent\A6\475CFC2E69EFAB9BEC3643ACDC55A899AE9A24A6.CAB
Deleted File D:\WSUS\WsusContent\13\6FF3862F9E9DFDC9938B4E3BF1F37104E072D013.CAB
Deleted File D:\WSUS\WsusContent\01\6118FF4AD2DCCB07D83D066276AD366641409401.CAB
Deleted File D:\WSUS\WsusContent\FA\AE18F5FB7FECA006F946A1F0CF9CB2009B392FFA.cab
Deleted File D:\WSUS\WsusContent\65\74D36CE0E5283842C85F4223EDC9A6F5232B0065.exe
Deleted File D:\WSUS\WsusContent\55\4548F558A87BA6E7EA5C2D7DB2C87BF36AA29955.CAB
Deleted File D:\WSUS\WsusContent\32\21286D6237912D2488F3865EFC74D4EE2F1C5E32.cab
Deleted File D:\WSUS\WsusContent\91\65AE5B5C9E18D73C5672813247AA3EDF27B86591.exe
Deleted File D:\WSUS\WsusContent\C7\30672ADEF6A11777CAB281CF036B106E3C30BEC7.exe
Deleted File D:\WSUS\WsusContent\BC\9B23D60DE47EB4320036BC4E0DC3CFCA3C9125BC.cab
Deleted File D:\WSUS\WsusContent\36\AE717CA5492BEB10F5116C62DD55A14B4AA19736.exe
Deleted File D:\WSUS\WsusContent\CE\706BD6EB69FD97056583DD67A1041B9AB7381DCE.EXE
Deleted File D:\WSUS\WsusContent\44\47F33D4DA73611778D4526A0F867FDAAA58B8644.exe
Deleted File D:\WSUS\WsusContent\41\48E306BB7EAB2732C9251461D48683950D434341.exe
Deleted File D:\WSUS\WsusContent\58\E9E2BC299EF160F758A8980A665AB7B4FF85DE58.CAB
Deleted File D:\WSUS\WsusContent\F9\AFBE98BD1667997CFD44B14FFF53507E5D338AF9.cab
Deleted File D:\WSUS\WsusContent\D3\137D83B3F56B06E295CD05FCA24F4BB0FF110AD3.exe
Deleted File D:\WSUS\WsusContent\29\9EB2AEF750F7E49313EDEB80D37FC9AB16320029.cab
Deleted File D:\WSUS\WsusContent\62\9EBADA47388B39E59203596A96D29277B857B662.CAB
Deleted File D:\WSUS\WsusContent\66\D63943F228756C85F01DEF1FB9FD6D43D58E3066.cab
Deleted File D:\WSUS\WsusContent\A0\D6495367FD2443E61E5A54C580D8C15C5D6B37A0.cab
Deleted File D:\WSUS\WsusContent\16\028F665CBF687260B46B9455E46B8FAE1ACD6316.EXE
Deleted File D:\WSUS\WsusContent\56\96EBF9950CD6E2A22685D2CBAD262921EF5FC756.exe
Deleted File D:\WSUS\WsusContent\86\A046DC1381F60812B980BAB01EF2FF0AAA5E8F86.cab
Deleted File D:\WSUS\WsusContent\E9\B20E1E7E1D1BC60CDB240B37C33FBD0E24D2DFE9.exe
Deleted File D:\WSUS\WsusContent\A4\CC2420A9ABE77D73FC222633637FA2CF985023A4.exe
Deleted File D:\WSUS\WsusContent\75\4831819E432D17875BD5C554FB396C1F5FF00475.CAB
Deleted File D:\WSUS\WsusContent\3B\ECB460187E254225A3757163418CDDF4ECDC313B.CAB
Deleted File D:\WSUS\WsusContent\BD\8C8E30171D415F9874C597D7EC563C3ED77D3BBD.CAB
Deleted File D:\WSUS\WsusContent\7F\579527CFCE49BFC7808FAAE7B57B30DDC6E1347F.exe
Deleted File D:\WSUS\WsusContent\79\579F62D7B8909CD103533E995D82CFB0C2395179.CAB
Deleted File D:\WSUS\WsusContent\4B\79237413EEC6C383753D1C1F87E1DD28684CA94B.cab
Deleted File D:\WSUS\WsusContent\FA\D00F810B6606F3A191657E5F61D06AD9E80566FA.cab
Deleted File D:\WSUS\WsusContent\56\873DB77506E0CC5AE0F3789845653A7CB6031256.cab
Deleted File D:\WSUS\WsusContent\10\2CE77F5D717D912860D044ECC581D81B5FCA4D10.CAB
Deleted File D:\WSUS\WsusContent\EC\6D101B9520AAF92B44C917E21F57BB806DF921EC.exe
Deleted File D:\WSUS\WsusContent\75\6D1665675FDD95ACD8448EB9FD257546418CCF75.CAB
Deleted File D:\WSUS\WsusContent\D6\35151164B3FC492FEE3FC8E96AC2FA3AA72B25D6.exe
Deleted File D:\WSUS\WsusContent\DA\56702A6B1C614A611E69E5A78D6780CBD9881DDA.exe
Deleted File D:\WSUS\WsusContent\D1\8B41455543680A040DE46269636FA2D6D226F3D1.exe
Deleted File D:\WSUS\WsusContent\1B\04D63484B7E271D8E93F4F60D6AEA88D582AD61B.CAB
Deleted File D:\WSUS\WsusContent\96\2AD5C855A71A5ACBF45C6606145584C7893A5296.CAB
Deleted File D:\WSUS\WsusContent\C3\CBA361FCE351FE8C08CD706A3EA59F6EACB0D5C3.exe
Deleted File D:\WSUS\WsusContent\BD\926BFDEC1D82726A63F4F94769CB67ED563A17BD.CAB
Deleted File D:\WSUS\WsusContent\CE\84CC24D97E78394AD13C43E977A4E6BF28E680CE.exe
Deleted File D:\WSUS\WsusContent\03\0C2FB2BCAA6C8B8AA253EF8D013A5C31BABF6103.EXE
Deleted File D:\WSUS\WsusContent\B9\0C34AB3D7B6AA75597CC2376130FB4AB2B13B9B9.exe
Deleted File D:\WSUS\WsusContent\6F\ACD88CDF5A9D25D4DAB8F8F6DBAD68B0FDC1F66F.CAB
Deleted File D:\WSUS\WsusContent\2D\D1D218924450FE0AD5B0D10513E8952D1023692D.CAB
Deleted File D:\WSUS\WsusContent\72\EF86941598FA70BBD3F5A68CA2EDEBE1FF944272.exe
Deleted File D:\WSUS\WsusContent\41\9144F095CF11E1A18C6DEACB354BB15438190741.CAB
Deleted File D:\WSUS\WsusContent\19\FB585805385D4D536EF8B3BF45DE551E60D34519.CAB
Deleted File D:\WSUS\WsusContent\90\4EB3F3C338ED8A599C2C96BFBFEDF98BACE08590.exe
Deleted File D:\WSUS\WsusContent\57\36A41616F4C3330F12FEE8D68D43F3008DEC7057.CAB
Deleted File D:\WSUS\WsusContent\3E\4668B6F3BA67743F7C722CAE44EEC08A3038903E.exe
Deleted File D:\WSUS\WsusContent\FF\DBFB217A59B909B89C37AC34FC7AFEFB62A895FF.CAB
Deleted File D:\WSUS\WsusContent\23\63BC4B6EA0D906C24889DBC27162F95733D0AF23.exe
Deleted File D:\WSUS\WsusContent\68\525C72B957362CCC23F97577FC1764E1C9451868.exe
Deleted File D:\WSUS\WsusContent\62\11B0EEE81169DCF16BBDB7055A2AC137C9009962.CAB
Deleted File D:\WSUS\WsusContent\DB\A4C404F60C2531B2507955435FFF54AC9F1F89DB.EXE
Deleted File D:\WSUS\WsusContent\61\A4C7E9E55990DD9BF6F9E16C75696248D724C661.cab
Deleted File D:\WSUS\WsusContent\41\656CBB85E57FFE2990AB6BBA6AED2286FFED9141.CAB
Deleted File D:\WSUS\WsusContent\F2\34D4E6C8CDD7F3C5E09BC427D0DF0F5E34BD01F2.exe
Deleted File D:\WSUS\WsusContent\EE\D50DF86E8B0965B0387AB2D992587808DC6E14EE.exe
Deleted File D:\WSUS\WsusContent\8C\ECF916E416AF58C01BE970CC1B8E68C2B8CEC78C.CAB
Deleted File D:\WSUS\WsusContent\06\D43EABB6C10A127EECCB4AE22EFBDE28BFDCFB06.EXE
Deleted File D:\WSUS\WsusContent\83\162D2CE0489C34F0BEFFFB66792F172548993E83.exe
Deleted File D:\WSUS\WsusContent\66\4BEA4613199DC12A8659963C44197E6ED00BE966.exe
Deleted File D:\WSUS\WsusContent\F9\EACC8F7154B0F1D90DBBA6694571B45252F5D3F9.CAB
Deleted File D:\WSUS\WsusContent\6D\88800AE7CE66933F34A490BA2E58D51822078C6D.exe
Deleted File D:\WSUS\WsusContent\ED\1125F8A638DCFF604FDEA546917AF216117000ED.CAB
Deleted File D:\WSUS\WsusContent\A7\81851B0AEE7B872FD396713275EEE14D8931AEA7.exe
Deleted File D:\WSUS\WsusContent\81\0A47A5709F6C06B6F4ED2F73E22D3D7075267781.CAB
Deleted File D:\WSUS\WsusContent\E6\85F43B664AC8328FF4914CEEAB3DA406B21557E6.exe
Deleted File D:\WSUS\WsusContent\B8\DE9DFBDB21D5E435A121FAE2538BAC41377BB3B8.EXE
Deleted File D:\WSUS\WsusContent\0A\0E0A5F988A25B3228144EFFB52BA19290F5D650A.CAB
Deleted File D:\WSUS\WsusContent\4C\9CE70DC918D0C23380C5CE2C5C9FE7667AE8684C.CAB
Deleted File D:\WSUS\WsusContent\C6\056C15E845CDF1027B2EA920E97AB8F4319C4BC6.EXE
Deleted File D:\WSUS\WsusContent\BC\4583BC3F6830DCD91BEBCFF72816864B660432BC.cab
Deleted File D:\WSUS\WsusContent\54\F33C6989F41846ABE0B50C70E300777950268954.EXE
Deleted File D:\WSUS\WsusContent\FE\2B63EC21E8552AB87D0D470569C12E1DD29941FE.EXE
Deleted File D:\WSUS\WsusContent\BF\03BF6C8A1EA53A4204B0FF1B39297DBE6D8E2DBF.exe
Deleted File D:\WSUS\WsusContent\05\BB908BD535343DFA841C3B2CB44B91D366B42905.CAB
Deleted File D:\WSUS\WsusContent\C3\AFDE321F021B03340C17D77EC2B99E22FE0C89C3.CAB
Deleted File D:\WSUS\WsusContent\13\F6AEDA7537132ACC96BFD09D53F6A9862B626613.CAB
Deleted File D:\WSUS\WsusContent\61\84B8EE6F1C21BA2949AD7E3C113C510BE0158961.exe
Deleted File D:\WSUS\WsusContent\FE\0E270C2D3C64AF5E39689D57E0ABBA9721A68BFE.exe
Deleted File D:\WSUS\WsusContent\E1\DDB1C7D11208BE7E2D511FD9948ACE48404770E1.exe
Deleted File D:\WSUS\WsusContent\21\C84EED2898494D36667B88C5B94103E323758C21.exe
Deleted File D:\WSUS\WsusContent\C9\9B4EEB13FF82A93D6D8DDB3FF9BD6B6890BAE1C9.exe
Deleted File D:\WSUS\WsusContent\A8\8EE5FB949E7275DE3FFD93A74BFB78EE136A25A8.exe
Deleted File D:\WSUS\WsusContent\96\593F579397657E7EA80E2C21CFCC5722EE385A96.CAB
Deleted File D:\WSUS\WsusContent\97\09F7AB6D60341AC327E7FC36D8DD860575658B97.exe
Deleted File D:\WSUS\WsusContent\E0\0113AADD04E13627D485C972F9E12410850F16E0.exe
Deleted File D:\WSUS\WsusContent\2D\AF10579BFF45E466E2D542EEF8022C126C81962D.cab
Deleted File D:\WSUS\WsusContent\7E\3BD36433B7242814D137E9CA4DDA76156503CA7E.exe
Deleted File D:\WSUS\WsusContent\08\E21B82597E352F24CF9D9692A1311233F23EDD08.CAB
Deleted File D:\WSUS\WsusContent\77\F6F380027E407B2B899F7BFBA90067CD5F599C77.exe
Deleted File D:\WSUS\WsusContent\07\0C9D661A4A6CEFD6C6CA18445C741743D3C74707.exe
Deleted File D:\WSUS\WsusContent\6E\D5A2E711CA5AE582984F75E2D431E209A403616E.cab
Deleted File D:\WSUS\WsusContent\00\E947BE3127C2BFE172A3FEF74248AD84045D5000.CAB
Deleted File D:\WSUS\WsusContent\8C\7C68200182DA9832903FD7DCD3A79847E6ED458C.exe
Deleted File D:\WSUS\WsusContent\64\A3CE34F1287B1927E80B8F41633AF9C4A7677C64.CAB
Deleted File D:\WSUS\WsusContent\C0\E0DCAE31B9358FABC0EF98764D2F34AA1F52AFC0.CAB
Deleted File D:\WSUS\WsusContent\77\41B898B87AED303A0C4323E8C96F793BC182DF77.exe
Deleted File D:\WSUS\WsusContent\A3\8F7BDF8FFA032354A9414EA4F466CDBFB17EE7A3.exe
Deleted File D:\WSUS\WsusContent\5C\0FCBB0C8F883C353E95F1211D3097246D544925C.CAB
Deleted File D:\WSUS\WsusContent\E2\0FCC909CE4CBEF69D13DF11A97F490362CFFCDE2.CAB
Deleted File D:\WSUS\WsusContent\C3\40D7FBB7B267B498523DD2C80CA760D9D33152C3.CAB
Deleted File D:\WSUS\WsusContent\F6\68DCA5F590D0AFB106EA00FB50379A9C5B6DF9F6.exe
Deleted File D:\WSUS\WsusContent\03\1C2E73964352AB2A2C09F33816995A4180DA0103.exe
Deleted File D:\WSUS\WsusContent\90\1338D0AB707826654B5A1E14E71D6D31F9C3BB90.CAB
Deleted File D:\WSUS\WsusContent\7A\040E89D60B2AF533F3B1B1E89D3E1952CE22D47A.exe
Deleted File D:\WSUS\WsusContent\9C\89BA42D0836943776E3D541F88F69535506CC99C.exe
Deleted File D:\WSUS\WsusContent\C8\89BEC84BEF3ABBE3B1BAF65892FC3AE10A90B6C8.cab
Deleted File D:\WSUS\WsusContent\C7\19CFBD8BF8DBFFF2500A2A77587230CDFC55A2C7.CAB
Deleted File D:\WSUS\WsusContent\1D\AD59CC0DCD7B9E3FA3FCFBBDA7026F7DAD216B1D.cab
Deleted File D:\WSUS\WsusContent\B5\EA7C0254C9CA480ABFD0366F73C6FCDFA52277B5.cab
Deleted File D:\WSUS\WsusContent\F2\2A694F7929D1C117AFB5DE9451101E949546C7F2.CAB
Deleted File D:\WSUS\WsusContent\19\60462B1F511CEE2A03BDA406921B7005333C5819.exe
Deleted File D:\WSUS\WsusContent\F6\00CEF566F00969C64D656CCE2E8D30847030CAF6.exe
Deleted File D:\WSUS\WsusContent\A5\58B0B4FDD51773C6EE206DDECB04545A50545FA5.exe
Deleted File D:\WSUS\WsusContent\FC\C7DDBC1BC044F828B711C81B593ABD868FA09CFC.cab
Deleted File D:\WSUS\WsusContent\31\8E5E1AE96858BA1DD86A7FFF32F9D9B5E8768331.exe
Deleted File D:\WSUS\WsusContent\07\F1A95B58D99BE34EB7500188FA0285FF23124F07.CAB
Deleted File D:\WSUS\WsusContent\C8\70CBB1E4FD9C0B32FB74B94DC0EA50E5EDF67CC8.exe
Deleted File D:\WSUS\WsusContent\F7\DE499F0A4C16075B8E983C087043BE1BED9842F7.CAB
Deleted File D:\WSUS\WsusContent\EC\DFBA5977516F05A411DDC33B243BE35B4E844CEC.exe
Deleted File D:\WSUS\WsusContent\76\56431186A5E96E778CF3AFC5BD075A7C3D2AA276.exe
Deleted File D:\WSUS\WsusContent\D0\F7D7B565E948830C1D4622E591EAD4741B4A1BD0.CAB
Deleted File D:\WSUS\WsusContent\5F\6233EC918913F7A8EC40F75234D83B717CC15D5F.CAB
Deleted File D:\WSUS\WsusContent\ED\4288F9FB295E6CDFC4D3D3106FE1A19D2B9D04ED.CAB
Deleted File D:\WSUS\WsusContent\F3\5AA6ABE554CAAD50B17936A243C3B612EDDA42F3.exe
Deleted File D:\WSUS\WsusContent\05\794083AF4B1FFB20169469739A56E6C6F0726905.CAB
Deleted File D:\WSUS\WsusContent\87\0B0784FB0DD186865EC9C18EDD7F1F20215C1287.exe
Deleted File D:\WSUS\WsusContent\0C\63231FF14E0794AE31E4DD38A077DBF5038A270C.exe
Deleted File D:\WSUS\WsusContent\D9\D9A7CF3008C6D6822C0E3012A1EE6782D8ED88D9.cab
Deleted File D:\WSUS\WsusContent\08\F4983EF5BF8895D9CAAC7566EC5743190A84D708.cab
Deleted File D:\WSUS\WsusContent\82\FB11B842A19BA09C0EF425415696E1F421C57E82.CAB
Deleted File D:\WSUS\WsusContent\D4\3CC67203F5568ACA0D2EFB8C6BFC5F344EA098D4.EXE
Deleted File D:\WSUS\WsusContent\C1\7A28FA838AF4E8802726A413BEDCD20C48C057C1.exe
Deleted File D:\WSUS\WsusContent\AD\E05CC3543693FC3BAE4DE17DFFD5B1D283EADBAD.cab
Deleted File D:\WSUS\WsusContent\36\3F0408DED143DE9FEB959D0EEAAD4646F938B436.exe
Deleted File D:\WSUS\WsusContent\5D\3ED7820D1B7B56FF7A2A56767C0BF66F16E4D35D.exe
Deleted File D:\WSUS\WsusContent\47\6BD8D46E30EFCA5EDA74E8D6DC019BAD67CB4747.CAB
Deleted File D:\WSUS\WsusContent\D9\E671261F25C0628E40B089A472A2001529E3CCD9.cab
Deleted File D:\WSUS\WsusContent\C6\10F13F72F5CD3EE6D4990285A49F4FBFFD31A0C6.CAB
Deleted File D:\WSUS\WsusContent\90\08AA669A705F921D558142FA274D089A037A2590.exe
Deleted File D:\WSUS\WsusContent\7B\688F4B519650BEAAE0C64A5395BC5CA481F80D7B.exe
Deleted File D:\WSUS\WsusContent\23\74B237F769A265FCD8B46E9AB21C069E00E76A23.CAB
Deleted File D:\WSUS\WsusContent\F4\06F4D114AEC926526F01E1792EAEB7764FDB5EF4.CAB
Deleted File D:\WSUS\WsusContent\8F\4A101B4CC5ECD8DF3B990834E4147DB6CD8C428F.exe
Deleted File D:\WSUS\WsusContent\7B\4A14BC60C4C3407A67DA36CEC76A15CC968A627B.CAB
Deleted File D:\WSUS\WsusContent\41\DBBADAF1A79FF78067EE2871923B1DCBC0966541.cab
Deleted File D:\WSUS\WsusContent\5A\DBBC6EFFDA6249EC7DBE6571B27FE9148B73685A.exe
Deleted File D:\WSUS\WsusContent\A3\B76ECF5D555314EA4E76DE5580D1F47E6108AFA3.cab
Deleted File D:\WSUS\WsusContent\E1\6519DE7F956501D852AAA4D2F0A86080B78F2DE1.CAB
Deleted File D:\WSUS\WsusContent\3D\651A6B8DE456895D784F51FA5F75ABBED01D513D.cab
Deleted File D:\WSUS\WsusContent\F6\33A8FEF60D48AE1F2C4FEEA27111AF5CECA3C4F6.exe
Deleted File D:\WSUS\WsusContent\72\23908229E70244420EE130C8DCF055C2653CE272.CAB
Deleted File D:\WSUS\WsusContent\04\23959509FAF21CCBB2A79CBCD8CA65028E851A04.CAB
Deleted File D:\WSUS\WsusContent\F9\8A58847CAD45CB162E956AA64E8D912028FB48F9.CAB
Deleted File D:\WSUS\WsusContent\7B\D46B6F56E049AEA198EC7DEDC0D418EFCDD56F7B.exe
Deleted File D:\WSUS\WsusContent\6C\A6C915635B0FB7E0C26B500EDBF7D3F5FE75846C.cab
Deleted File D:\WSUS\WsusContent\F4\BEF00C5B4776783FE3D80D180F8D2AA744C55EF4.EXE
Deleted File D:\WSUS\WsusContent\F2\BBCD3AA45094782DD96E8021C676545EEEA1B7F2.CAB
Deleted File D:\WSUS\WsusContent\68\E2EA44AE4194C617E8133F0157E6C46BA1624D68.EXE
Deleted File D:\WSUS\WsusContent\57\A47BFCDDD919D509C45B3BF0355AB98107AA0157.exe
Deleted File D:\WSUS\WsusContent\98\6056E0C503D4BC5CC42B805A16FD307AE51A1F98.cab
Deleted File D:\WSUS\WsusContent\DA\72C51600DC65E93C01ADFDB74ED7AA2F559A7EDA.CAB
Deleted File D:\WSUS\WsusContent\37\D13E281C8A78E2C00D13D6C70E8A54C66F958F37.exe
Deleted File D:\WSUS\WsusContent\92\44EB86ACE5CF3F1741266FDE825803850169BB92.exe
Deleted File D:\WSUS\WsusContent\E8\B7B7B69C0D31A81415416B017F7E8305A6DA40E8.cab
Deleted File D:\WSUS\WsusContent\D8\4FDD7ED4DB89D29DB254FE6A29481B6DB1C778D8.cab
Deleted File D:\WSUS\WsusContent\7C\4FE0233D497A44D3D0A3DC257047B9413B85A27C.EXE
Deleted File D:\WSUS\WsusContent\1E\B57BE9D45D3B502EF3FF0BC934B50291C9B7411E.exe
Deleted File D:\WSUS\WsusContent\3B\F772CA0B7A9D66AB69EFDD98A1F4B9A16E64343B.CAB
Deleted File D:\WSUS\WsusContent\A6\F784F600D6501BDA63DFCD3D45FAF3E5E263D8A6.CAB
Deleted File D:\WSUS\WsusContent\F3\8856AF0AA0F198A8AAD2DE2C1CA68240D1D49BF3.exe
Deleted File D:\WSUS\WsusContent\BB\8856B89E19FDFBD98772B0C43C056FC077EA2CBB.cab
Deleted File D:\WSUS\WsusContent\B7\3DDFC936D1FD126473A4233DDBC50A384443D3B7.cab
Deleted File D:\WSUS\WsusContent\21\42E713FBD637B0FE15C5D39CB947FF1AC3CAF721.cab
Deleted File D:\WSUS\WsusContent\00\7D80999D46BD7A156196953B737CA75C47102D00.cab
Deleted File D:\WSUS\WsusContent\5B\E3DC40518BE1F7EE3F28045FE1E35E2E0EAE825B.CAB
Deleted File D:\WSUS\WsusContent\49\403C8C01B9A4CB13F7A1D88D4A3CE4EF775D9849.CAB
Deleted File D:\WSUS\WsusContent\54\DB432995932BF4BAD6E7F1FD3CF681E7745A0E54.EXE
Deleted File D:\WSUS\WsusContent\1F\646039841B9F9CC77D53E19CE33E25DCE113891F.exe
Deleted File D:\WSUS\WsusContent\14\0C3E02153BAC9A94108A45487AE9DF2EF8A28714.CAB
Deleted File D:\WSUS\WsusContent\D2\4E24304006C0CF4D90740C0FD0B6AA58F8B7B1D2.CAB
Deleted File D:\WSUS\WsusContent\4C\7F8E909C52D23AC8B5DBFD73F1F12D3EE0FE794C.exe
Deleted File D:\WSUS\WsusContent\6C\CAB45D3D6AD4B16498A3CF94FD298383EA68CC6C.exe
Deleted File D:\WSUS\WsusContent\88\F31BD83D2DDBF4E9E597ACE06D1952F791E89B88.CAB
Deleted File D:\WSUS\WsusContent\FE\7EFEFD1BBDD2C367EE27B62E6577410332A3AAFE.exe
Deleted File D:\WSUS\WsusContent\50\4FEC69A671BFDD5B61040BF4A746A0D8D5B45450.CAB
Deleted File D:\WSUS\WsusContent\F7\BAB6008393041C3E6946A667EC805F82D0F093F7.cab
Deleted File D:\WSUS\WsusContent\A3\8C4FB792A1365365160FABDD15C7330D23DF36A3.CAB
Deleted File D:\WSUS\WsusContent\62\13F842EAB1F58F1612212790CC544BEBE66FFC62.CAB
Deleted File D:\WSUS\WsusContent\FE\49A807841321818B874E462E440D22E5D58B1CFE.exe
Deleted File D:\WSUS\WsusContent\FE\6B42CC1DA7851D0BD7E880ABE49ADA6622233BFE.exe
Deleted File D:\WSUS\WsusContent\47\F41684EC1B2C913FD1624B6A6AAB343091135A47.CAB
Deleted File D:\WSUS\WsusContent\AB\24E035774913454EDA43EDED010E52D50E44B4AB.CAB
Deleted File D:\WSUS\WsusContent\19\FFB2B63BE79B34A7770686B11D08FDE1DE5AD319.cab
Deleted File D:\WSUS\WsusContent\26\D39B89C360FBAA9706B5181AE4718100687A5326.exe
Deleted File D:\WSUS\WsusContent\F1\C80348DB68EA9520BF9EFDD7BD81143275FA64F1.CAB
Deleted File D:\WSUS\WsusContent\A2\9370C174CAA5B9071235EC0ECE3A0133D12E44A2.CAB
Deleted File D:\WSUS\WsusContent\99\47BCF8C9C8CFB1564D0BDD02C1EC3A3633EA6C99.CAB
Deleted File D:\WSUS\WsusContent\D9\03350AB048F5259ADDFD446EEEE19DF0A71784D9.cab
Deleted File D:\WSUS\WsusContent\F0\6F771B8FE3AAE283DE6F0F9413A88E823B6ED0F0.cab
Deleted File D:\WSUS\WsusContent\13\DBA06B2506FE347DEC2F780E2B17FC6E084F1E13.CAB
Deleted File D:\WSUS\WsusContent\A4\425D100E39471FC37039DA74C8DFACF38C1C60A4.exe
Deleted File D:\WSUS\WsusContent\9E\42FBD2FEAB9ED859978AB332502572623C1CC69E.exe
Deleted File D:\WSUS\WsusContent\F4\293E92A32761BFD3E641A0252691D09B892764F4.exe
Deleted File D:\WSUS\WsusContent\93\2711370ACBDF3495F4C3BE3D8A2B87962152AC93.EXE
Deleted File D:\WSUS\WsusContent\8E\852721B71AC774FAC89EF8712C2CB0DB3095788E.exe
Deleted File D:\WSUS\WsusContent\2B\6E3D5AB8C3689FD880EE27FD51202FB1E30B792B.exe
Deleted File D:\WSUS\WsusContent\02\522DBD7E95D0FB28DD305009B01CC83D968D9202.CAB
Deleted File D:\WSUS\WsusContent\16\CCAD40124DF0D02DF8ED2DBD4A518F070301A716.cab
Deleted File D:\WSUS\WsusContent\4E\DDC8E588A7744D04DFAF91CAF396BC4E037DC64E.EXE
Deleted File D:\WSUS\WsusContent\4B\98B65834333BA451E1A67CE376A1E8A2FBEA3E4B.CAB
Deleted File D:\WSUS\WsusContent\35\95F849874D385AF8CD0E63BCE8E6125376AF3835.exe
Deleted File D:\WSUS\WsusContent\BB\A87C4D8202CEC0796D4BB59F5CA3C9218F3A6BBB.CAB
Deleted File D:\WSUS\WsusContent\F8\5D858B709DDEA3893B57A7EE0D3DEB4931576CF8.CAB
Deleted File D:\WSUS\WsusContent\5D\C6BD54BEFDC324EBFD13D120DE22703F4540995D.cab
Deleted File D:\WSUS\WsusContent\4D\14322033E3C627311F29D58C5E1A664204E8C04D.cab
Deleted File D:\WSUS\WsusContent\E6\09A8EC748E859F1B56F015E7EF8E8E95882F3FE6.CAB
Deleted File D:\WSUS\WsusContent\6B\02AD977F2B849EBF36EC8AD724447C95B32F266B.CAB
Deleted File D:\WSUS\WsusContent\2D\B71B256FB13971BE1595B1A465CD8266F41CB12D.exe
Deleted File D:\WSUS\WsusContent\3B\E54054E7E33002F98BA44DDCFEF419359217CA3B.exe
Deleted File D:\WSUS\WsusContent\3E\8AFC7DC047ADC7B65478955E2295CF101B67263E.exe
Deleted File D:\WSUS\WsusContent\B3\9B09795553BF4CEDAF32CD56C00ADFBBB403DDB3.exe
Deleted File D:\WSUS\WsusContent\3C\6E93721098DE9D06D7516E52F20DDC96D83D6D3C.cab
Deleted File D:\WSUS\WsusContent\97\3B20BF9CBCA08BA1C51041147A95D7F24B618C97.cab
Deleted File D:\WSUS\WsusContent\4D\F16B68456CD84BA7C6C6C87246E41141D97D4D4D.cab
Deleted File D:\WSUS\WsusContent\6A\5BE26ED7DA1A1455AC5B74ED589261C25405906A.cab
Deleted File D:\WSUS\WsusContent\76\0BA4A98CA5D3C943B8983D77AF38A30FA3953576.cab
Deleted File D:\WSUS\WsusContent\6F\2FCE6A8A2D1E955E9910F97F3186E73FA2D5236F.CAB
Deleted File D:\WSUS\WsusContent\67\912C0620DBB8B73AC9230B7E4974DDEB9567D267.exe
Deleted File D:\WSUS\WsusContent\F8\FDCE5543CBDE8D904E9788367397331ED92C90F8.exe
Deleted File D:\WSUS\WsusContent\35\F5F48B6E88A0AC230F5D3A7600F15BF77CCBE435.CAB
Deleted File D:\WSUS\WsusContent\C8\ADD5F74C5BD4DA6CFAE47F8306DE213EC6ED52C8.Exe
Deleted File D:\WSUS\WsusContent\F5\ACC433A96A686E52784400738261C3581B29A8F5.CAB
Deleted File D:\WSUS\WsusContent\69\A41C4046DE249642AF6FA436A0DE54C4B3787269.CAB
Deleted File D:\WSUS\WsusContent\5B\C3A2E6E897510E8C636BD00DBFACC714D994665B.cab
Deleted File D:\WSUS\WsusContent\54\DF174AEE25814F73813B8151AAB9455C06570E54.exe
Deleted File D:\WSUS\WsusContent\9D\8445747413208F79CCC0195D824B6BEA936E929D.EXE
Deleted File D:\WSUS\WsusContent\EE\E116CFDE09755A155B50AE7A240D5F8E671DCDEE.exe
Deleted File D:\WSUS\WsusContent\7C\92FC0DC5B21B61CEBF5174AF612D0C1D06DFCB7C.EXE
Deleted File D:\WSUS\WsusContent\F7\37898D28715E051CAA05BB9948ED1CF78460DDF7.exe
Deleted File D:\WSUS\WsusContent\6F\E07FD7BBB59EAFD4D7CC9F14A293FFE471A9496F.cab
Deleted File D:\WSUS\WsusContent\77\402612FB3D6636C721FF8D8EDC0C4241AA68E477.exe
Deleted File D:\WSUS\WsusContent\67\729F19C7834B6F7E287FDCFEBCBF447F30713B67.exe
Deleted File D:\WSUS\WsusContent\8A\79BFE6BDD930781F3DAF8016ACF1056719B3958A.exe
Deleted File D:\WSUS\WsusContent\27\60069665511E390AB6052D2ACE2E652842867E27.exe
Deleted File D:\WSUS\WsusContent\CC\0D1A27777BC7CD6FD26DB553C00F2CF26B2157CC.cab
Deleted File D:\WSUS\WsusContent\7F\6FFEE4344D80833300220F461EFF4D9C2D9D7D7F.exe
Deleted File D:\WSUS\WsusContent\93\363E84599A4CA3CAEBF13D07B8A5FC92A5196E93.exe
Deleted File D:\WSUS\WsusContent\5D\82DD705D0AA7F2CF4B1F06705641789CD2DB405D.EXE
Deleted File D:\WSUS\WsusContent\F5\C8C744D024BC11BC6E9283AC3CFD85A1DEE16EF5.cab
Deleted File D:\WSUS\WsusContent\F7\DE0D3580CA80CEDFDDBE5D10BD04814FA8BA29F7.CAB
Deleted File D:\WSUS\WsusContent\A1\57439A77A5618E3806DD5FB3CFB197BBAE60CDA1.exe
Deleted File D:\WSUS\WsusContent\93\D3167DC934519F25C542C408C8B65BABD0085293.cab
Deleted File D:\WSUS\WsusContent\70\E606078EED624868A3321499F886A373BB3F9770.exe
Deleted File D:\WSUS\WsusContent\6F\22E65993F4503261BB46B0C18731AD19520FCE6F.CAB
Deleted File D:\WSUS\WsusContent\D5\4D0AA4FACEFA93865A67930C636F3A07D7B25CD5.CAB
Deleted File D:\WSUS\WsusContent\59\4D1B6169D7C8643556484B3D21EF126A6C38A359.CAB
Deleted File D:\WSUS\WsusContent\19\F03E56E2F75F5BF2ABBDE76D2BC9C473F663EB19.CAB
Deleted File D:\WSUS\WsusContent\EC\9E57347426D00995377C43C99A9ECA3A286214EC.exe
Deleted File D:\WSUS\WsusContent\6C\113E1F6B41D70D8DD28A4FA11EDF07BDDB92B16C.exe
Deleted File D:\WSUS\WsusContent\D4\80FDB08FB5E1CFEA7B4517DE889721508CEB5AD4.exe
Deleted File D:\WSUS\WsusContent\A4\AA3E3D4E20995C59F60308C06FD92FA82D6F84A4.CAB
Deleted File D:\WSUS\WsusContent\FC\6C802510F1D4C6F933A054EFCF8CE2C834C68DFC.CAB
Deleted File D:\WSUS\WsusContent\4A\6A721DEBF448B4E34BE2E35D8ACD556DE864E94A.CAB
Deleted File D:\WSUS\WsusContent\1C\BAE9BC8EBB38C47B3E25F8C2EAD483CF8C80C41C.exe
Deleted File D:\WSUS\WsusContent\59\E317A4EF583995470D2A4CB58E2F4ED4BDDDF159.cab
Deleted File D:\WSUS\WsusContent\16\9B75435424D1874378EC26285956BEEB92BD6B16.cab
Deleted File D:\WSUS\WsusContent\7F\82074E015AAB68FB3762F87B43B3E0D3F55BB67F.exe
Deleted File D:\WSUS\WsusContent\8D\3FF5CFD787C574B0EAC6CEDCD764A363CCC69E8D.exe
Deleted File D:\WSUS\WsusContent\7A\FEF6B6C56FCA6937C8D8B23F67BE4CFCD289EA7A.cab
Deleted File D:\WSUS\WsusContent\5A\5E1B6240D1B3BC075F719B93EC55144A2975B95A.exe
Deleted File D:\WSUS\WsusContent\40\9FF7B72E7D60E906F0AE6C5E6C88A9CC2D273440.cab
Deleted File D:\WSUS\WsusContent\FA\5A166CCAF581F1F1CC394431C07CFC93B7C955FA.exe
Deleted File D:\WSUS\WsusContent\88\5A1D92A6B57ED60BEC96FE6AA2A7F73866277488.exe
Deleted File D:\WSUS\WsusContent\8A\06AE082C9D2B25915429A14F40DE0FC46B9E258A.CAB
Deleted File D:\WSUS\WsusContent\F7\81BA85E7C09630CB49C272BD2C3A828BC8A064F7.EXE
Deleted File D:\WSUS\WsusContent\E1\4F04A01BB4835F9687762DCAA6592C93E6ADBBE1.exe
Deleted File D:\WSUS\WsusContent\3A\35A95832EABED6A9A5E65F782B7D88D76858423A.CAB
Deleted File D:\WSUS\WsusContent\B7\226E4E4D9AAFC9FA8D6350F698999B09105994B7.cab
Deleted File D:\WSUS\WsusContent\97\226E5C30C556BBDD17ED497321C8798FB6E86497.CAB
Deleted File D:\WSUS\WsusContent\1B\8DE7EC79C3FEA4A07A3314F86CB4CBEA405FA81B.EXE
Deleted File D:\WSUS\WsusContent\F4\D3CBEC05E0BE7F20B946592AE8859B9CDF71A1F4.cab
Deleted File D:\WSUS\WsusContent\8A\41C5FE82EC340CEEC51445E75BC158DC16D06E8A.CAB
Deleted File D:\WSUS\WsusContent\60\DAB2D9751ADFA41C5A96383F458A9522E7A9EA60.exe
Deleted File D:\WSUS\WsusContent\9D\EC58A4C2BE2C317091C41889E9DFBE7EA9BD079D.cab
Deleted File D:\WSUS\WsusContent\A8\FADEA6D94A014B039839FECC6E6A11C20AFA4FA8.exe
Deleted File D:\WSUS\WsusContent\6A\DCCE79F118FA25B6F44E7CB14E69D9B965C8A56A.cab
Deleted File D:\WSUS\WsusContent\48\C1E61F62D18ADB040E68E3A260A4A96F7B24CC48.exe
Deleted File D:\WSUS\WsusContent\F2\0E77C89C31C0FF68E0D59B1267F9F853EB6528F2.cab
Deleted File D:\WSUS\WsusContent\58\7F5297C121C3D5F25C2D9C840E04A97851C60658.cab
Deleted File D:\WSUS\WsusContent\AE\30D9D6D37F81CDB73AF392F585D0651849C6F0AE.cab
Deleted File D:\WSUS\WsusContent\1C\460B2B377CC5F99F7B1DDC6C8798EE906CCA351C.cab
Deleted File D:\WSUS\WsusContent\19\F4FD2B83FEAB1C02596DD90FEB25033C7351FF19.exe
Deleted File D:\WSUS\WsusContent\7E\0E50D5805D45721124C0FFB171B65768124D197E.cab
Deleted File D:\WSUS\WsusContent\70\99B211CF0420B20C73ACB00BE865713BF1E8BE70.CAB
Deleted File D:\WSUS\WsusContent\BA\2F24454C6E7ACB682AD4DA8E5F338472AAAA81BA.exe
Deleted File D:\WSUS\WsusContent\F0\F3F73910B433EF0E6AB22C3B64CFB53F452862F0.exe
Deleted File D:\WSUS\WsusContent\D7\94BA7BF065599B534DE5731466A2D022FD028FD7.CAB
Deleted File D:\WSUS\WsusContent\55\E20CFB9910FC624EB0ACD204776354FE27CB3D55.CAB
Deleted File D:\WSUS\WsusContent\34\70303CABD3B94165A550E6CC15CE33A3CE69BF34.CAB
Deleted File D:\WSUS\WsusContent\A5\AB13AD4FA2F525832653CD4CA6820222D1BF4CA5.exe
Deleted File D:\WSUS\WsusContent\28\7456EFCF3EAA1694FAA83AEC150992F08A759E28.exe
Deleted File D:\WSUS\WsusContent\1B\B3262BEB8B843A279EC069D033CA674F746BA71B.CAB
Deleted File D:\WSUS\WsusContent\7A\4F6EFDBDF2F67C86ED55A9F711A54B3AD9FAB07A.exe
Deleted File D:\WSUS\WsusContent\79\01895439875F0E7E955CB4C034585D0AB7DF9579.exe
Deleted File D:\WSUS\WsusContent\A5\04AB106D87EE1D6FE89201A1E06635C68858FBA5.CAB
Deleted File D:\WSUS\WsusContent\62\2CD41423C99BD3BD35D64FD2AFCBE1005FD92A62.EXE
Deleted File D:\WSUS\WsusContent\65\1D8859342D983182BA0D3121CE80BF9C5CA8FA65.exe
Deleted File D:\WSUS\WsusContent\35\DEFA28E85C21765D743685DBB5FA986D2410FA35.CAB
Deleted File D:\WSUS\WsusContent\D2\5F3125B4B769358B2749AD2D14EC80CD7E9F55D2.CAB
Deleted File D:\WSUS\WsusContent\E2\A2702E88AE8A8C95D99848D9791FBDCED00376E2.CAB
Deleted File D:\WSUS\WsusContent\74\5070561ED175B70DAED86AEEBF85673C03954574.CAB
Deleted File D:\WSUS\WsusContent\A0\C5EA0D7C516786EF8C2690234C230E99FAB0EAA0.exe
Deleted File D:\WSUS\WsusContent\B6\50CA3020FE408F490615BC9A09116561D9D178B6.CAB
Deleted File D:\WSUS\WsusContent\F8\FB4CEE6626640B51FEF2B91D437F00CAF0D679F8.exe
Deleted File D:\WSUS\WsusContent\B0\87FB301468C976B70F6BE3A8A734F50B7ED6DDB0.exe
Deleted File D:\WSUS\WsusContent\4A\00117EF43E91805AE80CECEED7EC9D5959356B4A.CAB
Deleted File D:\WSUS\WsusContent\76\0DC3144EA9085B83977253AD8C1F3A7A8C462376.EXE
Deleted File D:\WSUS\WsusContent\04\8E96A61504504884BFA251C7FD1F51791A949804.exe
Deleted File D:\WSUS\WsusContent\9C\A807CFFFD54EBCBE8A83599FFEA9657B9AD39F9C.CAB
Deleted File D:\WSUS\WsusContent\71\5A2821DE4DAD53341C7E0FBD08DC4C642C2C2B71.cab
Deleted File D:\WSUS\WsusContent\DB\CD9BCD0DA2D04DD7A84EAF19AD61DEAE7C538DDB.cab
Deleted File D:\WSUS\WsusContent\D7\60F2952F6A75494A13F40928816F149255697ED7.exe
Deleted File D:\WSUS\WsusContent\26\31C710F02509CE2591A5813D36724C653DE72D26.cab
Deleted File D:\WSUS\WsusContent\8D\FBBFBDF7A01D37C4AF182BE28B906A85D6C99D8D.cab
Deleted File D:\WSUS\WsusContent\F0\31081B3F8C6873AFFE50DCE6A715349446FE5BF0.CAB
Deleted File D:\WSUS\WsusContent\07\35BB2740221BE31421E137C1E9794ACC076D8307.CAB
Deleted File D:\WSUS\WsusContent\83\F0958578283EEADBB858A504826A7A57A02C5783.CAB
Deleted File D:\WSUS\WsusContent\5E\329D90FB63875EC988AA3FAF971DE4ACFA5E285E.exe
Deleted File D:\WSUS\WsusContent\BA\C9A904FFBC6330221B26E7D8AC8CBCB6EC7FDFBA.CAB
Deleted File D:\WSUS\WsusContent\D8\C9B216F6EB0E8DD5B35C9C05E732A0B03F8DD2D8.CAB
Deleted File D:\WSUS\WsusContent\BF\CD44F07BC207C42547123D374239BF4BDCF9C6BF.CAB
Deleted File D:\WSUS\WsusContent\D9\EAD9307FC2EF621E4BAEE1F7DEBEF71C38EA34D9.exe
Deleted File D:\WSUS\WsusContent\E6\94590A56BC5D9B490F9E65000514E8812AF49DE6.CAB
Deleted File D:\WSUS\WsusContent\16\C172A91D2DE6FDBDC6DF8380E4949F518DC2C216.exe
Deleted File D:\WSUS\WsusContent\79\C17C360913A83F1D7DB6864A11ECD133D2581C79.cab
Deleted File D:\WSUS\WsusContent\54\AA0B6B39EE7575B04446B8E6EBAFFA8077450C54.CAB
Deleted File D:\WSUS\WsusContent\BE\F3040CCA9EABEE9EEB6ACEF6C8788880465B2FBE.exe
Deleted File D:\WSUS\WsusContent\AD\53351F836860ABA1D4B46EE84246E8C5CDF780AD.exe
Deleted File D:\WSUS\WsusContent\DF\AE7CA34B6DE93FC757C392ACA3C1E25F71D2FDDF.CAB
Deleted File D:\WSUS\WsusContent\0D\05DFEF3DDE93B1C9481B0891BC80F82F63EA5A0D.exe
Deleted File D:\WSUS\WsusContent\58\FFD8D1DC2390F95DB25E52E7F6EDFA76FA539E58.CAB
Deleted File D:\WSUS\WsusContent\15\FFE23F36C9ACB295A66C9F95B7CB5413992E8D15.exe
Deleted File D:\WSUS\WsusContent\E3\1A347DB6B08F881E57C1972E14CD0C67C5161EE3.exe
Deleted File D:\WSUS\WsusContent\15\D42AF8DCFFC7840A02C88B7831476F350DB19215.CAB
Deleted File D:\WSUS\WsusContent\A2\E4DC1493179AC01C508FF1C85D323A36C7EC7BA2.EXE
Deleted File D:\WSUS\WsusContent\CC\7156505A30DD21885F9CB56808A3DE07DE72F1CC.exe
Deleted File D:\WSUS\WsusContent\0C\A10EEE6E1BC33DB51F7BEEB6B914D91436663F0C.exe
Deleted File D:\WSUS\WsusContent\94\12D57B202BAF7C25994CBBD782A7CE6287EF8994.exe
Deleted File D:\WSUS\WsusContent\5C\044F3C3EA5ED113F6F981D595ECF03448DFDFF5C.exe
Deleted File D:\WSUS\WsusContent\CF\66E5FE16B456D77B60C90412BB2C2569AC4B32CF.EXE
Deleted File D:\WSUS\WsusContent\A8\CDD366E95C855E3DF658DB6E9FB4749C125AFFA8.CAB
Deleted File D:\WSUS\WsusContent\EA\0C1E001B6156B34EAB912028F92FC3B7DAF723EA.cab
Deleted File D:\WSUS\WsusContent\23\CD5EFE66D22A75A9EE3DE55E95C1C05DF7C12F23.CAB
Deleted File D:\WSUS\WsusContent\FD\CD62ABDDE6B6A1EBCC28D7F3BDEFF8BBA6F97CFD.cab
Deleted File D:\WSUS\WsusContent\3A\0F48F98F8169377EA6C72EFDF07309D1636B873A.exe
Deleted File D:\WSUS\WsusContent\B1\B150DE161D4EB4B7AF016946AA30FA5F0A3102B1.cab
Deleted File D:\WSUS\WsusContent\08\315F1116CC091157E3B64FFBDF1BA60944795108.CAB
Deleted File D:\WSUS\WsusContent\3E\7B2606CC7CD841826978352C9BC2D69D7924EA3E.cab
Deleted File D:\WSUS\WsusContent\C3\15EB3ABD0FF519FF399DC5992E4F83129C188CC3.exe
Deleted File D:\WSUS\WsusContent\91\909D1F734F66BD9767BF2E5C42204FBE686B0B91.CAB
Deleted File D:\WSUS\WsusContent\F9\7CF305041C1EA2BCADB0E555DF75082B072681F9.EXE
Deleted File D:\WSUS\WsusContent\D5\A97DBB34C5340FFFF8C673B640E27E52157527D5.CAB
Deleted File D:\WSUS\WsusContent\71\00ABCF9A46700367FB330783E75C44FE47C79E71.exe
Deleted File D:\WSUS\WsusContent\8B\4C4AEE9BA3EFFDCB37F743932BAAF3E82BA5588B.exe
Deleted File D:\WSUS\WsusContent\86\E7ECA0CD405038E832B047AD787E7D762BAB5286.exe
Deleted File D:\WSUS\WsusContent\7E\2B2F64A8553F5BF3A718C7D9AC7C147B8565977E.exe
Deleted File D:\WSUS\WsusContent\46\EB89F43AAD24B792D84074E5DA89D46645CC8546.EXE
Deleted File D:\WSUS\WsusContent\1C\EB8EA0ABD6C81B6DD91B294F6BC414E40DDDD71C.CAB
Deleted File D:\WSUS\WsusContent\8D\1A14B746D52B2B9BF7B8CF68C0AB3AA93AE7828D.exe
Deleted File D:\WSUS\WsusContent\82\E6D5901506D48ACD01147976188D18CE40FA6E82.CAB
Deleted File D:\WSUS\WsusContent\15\BC21981D1EDB1EBC2616991802810B7D592FB615.exe
Deleted File D:\WSUS\WsusContent\08\437151E5E4592D4806C586C1F75B04D4583AA308.exe
Deleted File D:\WSUS\WsusContent\FD\9F7FE0C8DAD084E8F55EDD16CCC9F5BFAF0CE1FD.cab
Deleted File D:\WSUS\WsusContent\DA\FEC47A1CAD6F4E4C655EB3E94DDC1F8E3B5580DA.CAB
Deleted File D:\WSUS\WsusContent\15\E6EF37D7B789F111A2AFA383BB82CB5E03102515.cab
Deleted File D:\WSUS\WsusContent\38\324526AF782EEAA94F79F5F1427126826E953438.cab
Deleted File D:\WSUS\WsusContent\90\F20C438ED57E2725AC4FEC31A3FBCDE080925A90.exe
Deleted File D:\WSUS\WsusContent\D3\5F4D121AFA26439453721FA4E33C6D407F403FD3.cab
Deleted File D:\WSUS\WsusContent\71\EC8008CB679D4B9A14790580EA7A9C23A709BB71.CAB
Deleted File D:\WSUS\WsusContent\98\598B02F4C82FFA21A0429BD588DEE88CF2BD5098.CAB
 
------------ 20080617-pm0117 ------------ 
-- Stop WSUS Website 
The World Wide Web Publishing Service service is stopping......
The World Wide Web Publishing Service service was stopped successfully.

-- RemoveInactiveApprovals 
There are no permanently inactive approvals.
-- DeleteUnneededRevisions 
Database cleanup is in progress, please be patient
Database cleanup encountered an error, please check your server and try again
Fatal Error: Timeout expired.  The timeout period elapsed prior to completion of the operation or the server is not responding.
-- Start WSUS Website 
The World Wide Web Publishing Service service is starting.
The World Wide Web Publishing Service service was started successfully.

-- Debug: PurgeUnneededFiles 
Running... PurgeUnneededFiles
Starting a state machine reset...
State machine reset completed...
Deleted File D:\WSUS\WsusContent\0E\23C78E947335A7275C0374A08AFA56E305B92D0E.cab
Deleted File D:\WSUS\WsusContent\FC\E6FB9096756DF91C305FACD4966AE8441F5FEAFC.exe
Deleted File D:\WSUS\WsusContent\B1\1B9EF0777397B6781BBC27A90D4D9894F19ADEB1.exe
Deleted File D:\WSUS\WsusContent\F8\E76E69E5188577B0D979A544367DBD728FE6BCF8.cab
Deleted File D:\WSUS\WsusContent\92\83BAE2E1262EF0048BB366FE898E632DD269DD92.cab
Deleted File D:\WSUS\WsusContent\33\0F85647887A4B9CFF7CF8B7A99D8822EEFA37333.exe
Deleted File D:\WSUS\WsusContent\AA\3458CD3D44793BC59A306B82CDA2F2B3DA3F1AAA.exe
Deleted File D:\WSUS\WsusContent\45\3A36E8027F626000D7E4C79F5662475ACD104845.cab
Deleted File D:\WSUS\WsusContent\BB\7897EE16F46B8AF44B55D35301394FE1B598DABB.exe
Deleted File D:\WSUS\WsusContent\43\A1A6D8B4A3237EBB1D1A9D65E009D663B91DFF43.cab
Deleted File D:\WSUS\WsusContent\51\72F15B7BDDDA1C19F3F8078A4F0FDCC659EAF151.cab
Deleted File D:\WSUS\WsusContent\17\31DA44FB6275E98F04DEB0F02BB452C586593017.exe
Deleted File D:\WSUS\WsusContent\2C\FF2508E03FD1538150B783C2EBB209A94F36DC2C.exe
Deleted File D:\WSUS\WsusContent\3B\C58CDA74289453ED77B7612DEF2F0B84168B463B.exe
Deleted File D:\WSUS\WsusContent\57\D4B5C73253A7A4F5B4B389F41B94FEA4A7247B57.exe
Deleted File D:\WSUS\WsusContent\CB\E4C30CE05B836C8165208ED76B2210FA9C814ACB.exe
Deleted File D:\WSUS\WsusContent\DE\B7361B81E219A2B865FC2346C781A3058C4AE8DE.cab
Deleted File D:\WSUS\WsusContent\D7\9B2C08067FC5F9CF6706EF0DF80DD40720B5B3D7.exe
Deleted File D:\WSUS\WsusContent\AC\CC631CC707F7FC3AC86BCD5D7A58E98E6C0AC8AC.CAB
Deleted File D:\WSUS\WsusContent\E1\22C5A8414BF1987C7161B2C1C235D5B0493464E1.exe
Deleted File D:\WSUS\WsusContent\7E\1CE400F839481C9B38F56365925593B1F88AF47E.cab
Deleted File D:\WSUS\WsusContent\4C\14906F0AB4CFE6DBAA40FCB19BE46F77AB604E4C.exe
Deleted File D:\WSUS\WsusContent\6B\FE54BEDCD3BC4DEB9AC65207B7654F148769BF6B.CAB
Deleted File D:\WSUS\WsusContent\7A\9AE0A4832DC2D52221E93DFCD7183B5FDB5D357A.cab
Deleted File D:\WSUS\WsusContent\FD\61A802FE3220909D34F25E06D9ACB50B8542D4FD.exe
Deleted File D:\WSUS\WsusContent\40\CCF070D550ACF7C0D11C2C00FFBE9FBD43F02940.cab
Deleted File D:\WSUS\WsusContent\40\C8D54AA216C43542B60F6772FC5D8C727D0D7E40.cab
Deleted File D:\WSUS\WsusContent\C0\AAF69395FA01A1A46E12D9AB527B232395392EC0.exe
Deleted File D:\WSUS\WsusContent\23\3BBE7CBB2D70E907B3D488448F34A585E7789A23.cab
Deleted File D:\WSUS\WsusContent\0A\0E0A5F988A25B3228144EFFB52BA19290F5D650A.CAB
Deleted File D:\WSUS\WsusContent\C9\9B4EEB13FF82A93D6D8DDB3FF9BD6B6890BAE1C9.exe
Deleted File D:\WSUS\WsusContent\E0\0113AADD04E13627D485C972F9E12410850F16E0.exe
Deleted File D:\WSUS\WsusContent\CB\0CA1915904FCF86D5F50FF72E98767712F8BD6CB.cab
Deleted File D:\WSUS\WsusContent\05\DABCFE575042A8C642EF784B97D90AB35B1BA605.cab
Deleted File D:\WSUS\WsusContent\25\2B1DE1DE6A7A7A9D75EB490F2C18D2F914492625.CAB
Deleted File D:\WSUS\WsusContent\F6\33A8FEF60D48AE1F2C4FEEA27111AF5CECA3C4F6.exe
Deleted File D:\WSUS\WsusContent\4C\7F8E909C52D23AC8B5DBFD73F1F12D3EE0FE794C.exe
Deleted File D:\WSUS\WsusContent\26\D39B89C360FBAA9706B5181AE4718100687A5326.exe
Deleted File D:\WSUS\WsusContent\5C\2E38317D663392170F5D8FCDFEFA42D3F880AB5C.cab
Deleted File D:\WSUS\WsusContent\42\DC6C366D2B3DE7553F124BBBA3D804BE284C4742.cab
Deleted File D:\WSUS\WsusContent\7F\6FFEE4344D80833300220F461EFF4D9C2D9D7D7F.exe
Deleted File D:\WSUS\WsusContent\40\C404BBBAD6BFFB62A1D7433698BFF441D2FC2540.cab
Deleted File D:\WSUS\WsusContent\8D\8B9A0172EFAD64774AA122F29E093AD2043B308D.exe
Deleted File D:\WSUS\WsusContent\6D\5C6482CE94E65184904F66DB8666943BF1A6166D.cab
Deleted File D:\WSUS\WsusContent\93\F44616213C221DEC5E1D7821C0263384F28FB493.exe
Deleted File D:\WSUS\WsusContent\35\8D86FC9D59C2475A543C284C025F9A7E9D7B8E35.cab
Deleted File D:\WSUS\WsusContent\3E\984DE10B5FEFAC2D50EE205746817093C69FA13E.cab
Deleted File D:\WSUS\WsusContent\D3\C794DE52EF26EB3171D82776CC38A15772C634D3.cab
Deleted File D:\WSUS\WsusContent\E7\BCC6A2CF1A4118931F5FAC2818A1DAC7F3BB84E7.cab
Deleted File D:\WSUS\WsusContent\9F\10FF63EBEE760E9F98B899989BD9E35961528A9F.cab
Deleted File D:\WSUS\WsusContent\CA\74CB88A52EEA8FD445CD4160154A4461C0F009CA.exe
Deleted File D:\WSUS\WsusContent\0C\0CBAD8050F425CF397295ADE5393E8B465336E0C.cab
Deleted File D:\WSUS\WsusContent\34\737B01DB75140DC883714CE06E64E51A37310D34.exe
-- Reset File Download Flags 
-- MsSQL Shrink Database 
Cannot shrink log file 2 (SUSDB_log) because all logical log files are in use.
 DbId   FileId CurrentSize MinimumSize UsedPages   EstimatedPages 
 ------ ------ ----------- ----------- ----------- -------------- 
      5      1      433928          96      433856         433856 
      5      2        5272          63        5272             56 

(2 rows affected)
DBCC execution completed. If DBCC printed error messages, contact your system
administrator.
-- Finished 
