
---------------- Start: C:\Scripts\OnShutdown-DPMServer.cmd on TOLSS02 ----------------
-----------------------------------------------------------------------
-- DATE-TIME=20140803[Sun]-pm0833 
-----------------------------------------------------------------------

-- Set correct Service status for DPM reboot.
-- -- "Server Administrator (Secure Port Server)" = Disabled
-- -- "NtmsSvc (Removable Storage)" = Disabled
Microsoft (R) Windows Script Host Version 5.6
Copyright (C) Microsoft Corporation 1996-2001. All rights reserved.

RegValue Before Write: 3
RegValue After Write: 4
SetReg: Succes (Write Registry Key)
Registry Key: HKLM\System\CurrentControlSet\Services\NtmsSvc\Start
Registry Value: [REG_DWORD] 4

RegValue Before Write: 4
RegValue After Write: 4
SetReg: Succes (Write Registry Key)
Registry Key: HKLM\System\CurrentControlSet\Services\Server Administrator\Start
Registry Value: [REG_DWORD] 4

---------------- End  : C:\Scripts\OnShutdown-DPMServer.cmd on TOLSS02 ----------------
-----------------------------------------------------------------------
-- DATE-TIME=20140803[Sun]-pm0833 
-----------------------------------------------------------------------
