98.07.07 14:09 A G:\ia1\1\bg.html --> pulver.com /usr/local/etc/httpd/htdocs/modomedia/cd/ia1 bg.html
98.07.07 14:09 A G:\ia1\1\bl.html --> pulver.com /usr/local/etc/httpd/htdocs/modomedia/cd/ia1 bl.html
98.07.07 14:09 A G:\ia1\1\bls.html --> pulver.com /usr/local/etc/httpd/htdocs/modomedia/cd/ia1 bls.html
98.07.07 14:09 A G:\ia1\1\bt.html --> pulver.com /usr/local/etc/httpd/htdocs/modomedia/cd/ia1 bt.html
98.07.07 14:09 A G:\ia1\1\bt_c1and3.html --> pulver.com /usr/local/etc/httpd/htdocs/modomedia/cd/ia1 bt_c1and3.html
98.07.07 14:09 A G:\ia1\1\bt_c2and4.html --> pulver.com /usr/local/etc/httpd/htdocs/modomedia/cd/ia1 bt_c2and4.html
98.07.07 14:09 A G:\ia1\1\bt_e1.html --> pulver.com /usr/local/etc/httpd/htdocs/modomedia/cd/ia1 bt_e1.html
98.07.07 14:09 A G:\ia1\1\bt_e2.html --> pulver.com /usr/local/etc/httpd/htdocs/modomedia/cd/ia1 bt_e2.html
98.07.07 14:10 A G:\ia1\1\bt_o1.html --> pulver.com /usr/local/etc/httpd/htdocs/modomedia/cd/ia1 bt_o1.html
98.07.07 14:10 A G:\ia1\1\bt_o2.html --> pulver.com /usr/local/etc/httpd/htdocs/modomedia/cd/ia1 bt_o2.html
98.07.07 14:10 A G:\ia1\1\bt_q1.html --> pulver.com /usr/local/etc/httpd/htdocs/modomedia/cd/ia1 bt_q1.html
98.07.07 14:10 A G:\ia1\1\bt_q2.html --> pulver.com /usr/local/etc/httpd/htdocs/modomedia/cd/ia1 bt_q2.html
98.07.07 14:10 A G:\ia1\1\bt_r1.html --> pulver.com /usr/local/etc/httpd/htdocs/modomedia/cd/ia1 bt_r1.html
98.07.07 14:10 A G:\ia1\1\bt_r2.html --> pulver.com /usr/local/etc/httpd/htdocs/modomedia/cd/ia1 bt_r2.html
98.07.07 14:10 A G:\ia1\1\bt_s1.html --> pulver.com /usr/local/etc/httpd/htdocs/modomedia/cd/ia1 bt_s1.html
98.07.07 14:10 A G:\ia1\1\bt_s2.html --> pulver.com /usr/local/etc/httpd/htdocs/modomedia/cd/ia1 bt_s2.html
98.07.07 14:10 A G:\ia1\1\bt_t1.html --> pulver.com /usr/local/etc/httpd/htdocs/modomedia/cd/ia1 bt_t1.html
98.07.07 14:10 A G:\ia1\1\bt_t2.html --> pulver.com /usr/local/etc/httpd/htdocs/modomedia/cd/ia1 bt_t2.html
98.07.07 14:10 A G:\ia1\1\ds_buttons_sol.html --> pulver.com /usr/local/etc/httpd/htdocs/modomedia/cd/ia1 ds_buttons_sol.html
98.07.07 14:10 A G:\ia1\1\ds_buttons_tex.html --> pulver.com /usr/local/etc/httpd/htdocs/modomedia/cd/ia1 ds_buttons_tex.html
98.07.07 14:10 A G:\ia1\1\ds_heads_sol.html --> pulver.com /usr/local/etc/httpd/htdocs/modomedia/cd/ia1 ds_heads_sol.html
98.07.07 14:10 A G:\ia1\1\ds_heads_tex.html --> pulver.com /usr/local/etc/httpd/htdocs/modomedia/cd/ia1 ds_heads_tex.html
98.07.07 14:10 A G:\ia1\1\ds_item_s.html --> pulver.com /usr/local/etc/httpd/htdocs/modomedia/cd/ia1 ds_item_s.html
98.07.07 14:10 A G:\ia1\1\ds_item_t.html --> pulver.com /usr/local/etc/httpd/htdocs/modomedia/cd/ia1 ds_item_t.html
98.07.07 14:10 A G:\ia1\1\dv.html --> pulver.com /usr/local/etc/httpd/htdocs/modomedia/cd/ia1 dv.html
98.07.07 14:10 A G:\ia1\1\dvs.html --> pulver.com /usr/local/etc/httpd/htdocs/modomedia/cd/ia1 dvs.html
98.07.07 14:10 A G:\ia1\1\ex.html --> pulver.com /usr/local/etc/httpd/htdocs/modomedia/cd/ia1 ex.html
98.07.07 14:10 A G:\ia1\1\hd.html --> pulver.com /usr/local/etc/httpd/htdocs/modomedia/cd/ia1 hd.html
98.07.07 14:10 A G:\ia1\1\hd_c1.html --> pulver.com /usr/local/etc/httpd/htdocs/modomedia/cd/ia1 hd_c1.html
98.07.07 14:10 A G:\ia1\1\hd_c2.html --> pulver.com /usr/local/etc/httpd/htdocs/modomedia/cd/ia1 hd_c2.html
98.07.07 14:10 A G:\ia1\1\hd_e1.html --> pulver.com /usr/local/etc/httpd/htdocs/modomedia/cd/ia1 hd_e1.html
98.07.07 14:10 A G:\ia1\1\hd_e2.html --> pulver.com /usr/local/etc/httpd/htdocs/modomedia/cd/ia1 hd_e2.html
98.07.07 14:10 A G:\ia1\1\hd_o1.html --> pulver.com /usr/local/etc/httpd/htdocs/modomedia/cd/ia1 hd_o1.html
98.07.07 14:10 A G:\ia1\1\hd_o2.html --> pulver.com /usr/local/etc/httpd/htdocs/modomedia/cd/ia1 hd_o2.html
98.07.07 14:10 A G:\ia1\1\index.html --> pulver.com /usr/local/etc/httpd/htdocs/modomedia/cd/ia1 index.html
98.07.07 14:10 A G:\ia1\1\s_index.html --> pulver.com /usr/local/etc/httpd/htdocs/modomedia/cd/ia1 s_index.html
98.07.07 14:11 B G:\ia1\1\s_sample.GIF --> pulver.com /usr/local/etc/httpd/htdocs/modomedia/cd/ia1 s_sample.GIF
98.07.07 14:11 B G:\ia1\1\sample.gif --> pulver.com /usr/local/etc/httpd/htdocs/modomedia/cd/ia1 sample.gif
98.07.07 14:12 B G:\ia1\1\bg_so_sb_bl.GIF --> pulver.com /usr/local/etc/httpd/htdocs/modomedia/cd/ia1 bg_so_sb_bl.GIF
98.07.07 14:12 B G:\ia1\1\bg_so_sb_wh.GIF --> pulver.com /usr/local/etc/httpd/htdocs/modomedia/cd/ia1 bg_so_sb_wh.GIF
98.07.07 14:12 B G:\ia1\1\bg_tx_sb_bl.GIF --> pulver.com /usr/local/etc/httpd/htdocs/modomedia/cd/ia1 bg_tx_sb_bl.GIF
98.07.07 14:12 B G:\ia1\1\bg_tx_sb_wh.GIF --> pulver.com /usr/local/etc/httpd/htdocs/modomedia/cd/ia1 bg_tx_sb_wh.GIF
98.07.07 14:12 B G:\ia1\1\bg_tx_sw_dk.GIF --> pulver.com /usr/local/etc/httpd/htdocs/modomedia/cd/ia1 bg_tx_sw_dk.GIF
98.07.07 14:12 B G:\ia1\1\bg_tx_sw_lt.GIF --> pulver.com /usr/local/etc/httpd/htdocs/modomedia/cd/ia1 bg_tx_sw_lt.GIF
98.07.07 14:12 B G:\ia1\1\bg_tx_sw_no.GIF --> pulver.com /usr/local/etc/httpd/htdocs/modomedia/cd/ia1 bg_tx_sw_no.GIF
98.07.07 14:13 B G:\ia1\1\famname.GIF --> pulver.com /usr/local/etc/httpd/htdocs/modomedia/cd/ia1 famname.GIF
98.07.07 14:16 B G:\ia1\1\bg_so_sb_bl.GIF --> pulver.com /usr/local/etc/httpd/htdocs/modomedia/cd/ia1/1 bg_so_sb_bl.GIF
98.07.07 14:16 B G:\ia1\1\bg_so_sb_wh.GIF --> pulver.com /usr/local/etc/httpd/htdocs/modomedia/cd/ia1/1 bg_so_sb_wh.GIF
98.07.07 14:16 B G:\ia1\1\bg_tx_sb_bl.GIF --> pulver.com /usr/local/etc/httpd/htdocs/modomedia/cd/ia1/1 bg_tx_sb_bl.GIF
98.07.07 14:16 B G:\ia1\1\bg_tx_sb_wh.GIF --> pulver.com /usr/local/etc/httpd/htdocs/modomedia/cd/ia1/1 bg_tx_sb_wh.GIF
98.07.07 14:16 B G:\ia1\1\bg_tx_sw_dk.GIF --> pulver.com /usr/local/etc/httpd/htdocs/modomedia/cd/ia1/1 bg_tx_sw_dk.GIF
98.07.07 14:16 B G:\ia1\1\bg_tx_sw_lt.GIF --> pulver.com /usr/local/etc/httpd/htdocs/modomedia/cd/ia1/1 bg_tx_sw_lt.GIF
98.07.07 14:16 B G:\ia1\1\bg_tx_sw_no.GIF --> pulver.com /usr/local/etc/httpd/htdocs/modomedia/cd/ia1/1 bg_tx_sw_no.GIF
98.07.07 14:16 B G:\ia1\1\famname.GIF --> pulver.com /usr/local/etc/httpd/htdocs/modomedia/cd/ia1/1 famname.GIF
98.07.07 14:16 B G:\ia1\1\s_sample.GIF --> pulver.com /usr/local/etc/httpd/htdocs/modomedia/cd/ia1/1 s_sample.GIF
98.07.07 14:16 B G:\ia1\1\sample.gif --> pulver.com /usr/local/etc/httpd/htdocs/modomedia/cd/ia1/1 sample.gif
98.07.07 14:17 A G:\ia1\1\bg.html --> pulver.com /usr/local/etc/httpd/htdocs/modomedia/cd/ia1/1 bg.html
98.07.07 14:17 A G:\ia1\1\ds_buttons_sol.html --> pulver.com /usr/local/etc/httpd/htdocs/modomedia/cd/ia1/1 ds_buttons_sol.html
98.07.07 14:17 A G:\ia1\1\ds_buttons_tex.html --> pulver.com /usr/local/etc/httpd/htdocs/modomedia/cd/ia1/1 ds_buttons_tex.html
98.07.07 14:17 A G:\ia1\1\ds_heads_sol.html --> pulver.com /usr/local/etc/httpd/htdocs/modomedia/cd/ia1/1 ds_heads_sol.html
98.07.07 14:17 A G:\ia1\1\ds_heads_tex.html --> pulver.com /usr/local/etc/httpd/htdocs/modomedia/cd/ia1/1 ds_heads_tex.html
98.07.07 14:18 A G:\ia1\1\ds_item_s.html --> pulver.com /usr/local/etc/httpd/htdocs/modomedia/cd/ia1/1 ds_item_s.html
98.07.07 14:18 A G:\ia1\1\ds_item_t.html --> pulver.com /usr/local/etc/httpd/htdocs/modomedia/cd/ia1/1 ds_item_t.html
98.07.07 14:18 A G:\ia1\1\index.html --> pulver.com /usr/local/etc/httpd/htdocs/modomedia/cd/ia1/1 index.html
98.07.07 14:18 A G:\ia1\1\s_index.html --> pulver.com /usr/local/etc/httpd/htdocs/modomedia/cd/ia1/1 s_index.html
98.07.07 15:29 A G:\ia1\1\index.html --> pulver.com /usr/local/etc/httpd/htdocs/modomedia/cd/ia1/1 index.html
98.07.07 15:38 A G:\ia1\1\bg.html --> pulver.com /usr/local/etc/httpd/htdocs/modomedia/cd/ia1/1 bg.html
