
---------------- Start: C:\Scripts\Check-ProgramRunning2.cmd on AMD4600 ----------------
-----------------------------------------------------------------------
-- DATE-TIME=20110606[Mon]-am0939 
-----------------------------------------------------------------------
Check For Process.
----------------------------------
uTorrent.exe                  2900 Services                   0     19,748 K
uTorrent.exe                  6004 Console                    1     34,396 K
-- Process Already Running.
---------------- End  : C:\Scripts\Check-ProgramRunning2.cmd on AMD4600 ----------------
-----------------------------------------------------------------------
-- DATE-TIME=20110606[Mon]-am0939 
-----------------------------------------------------------------------

---------------- Start: C:\Scripts\Check-ProgramRunning.cmd on AMD4600 ----------------
-----------------------------------------------------------------------
-- DATE-TIME=20110606[Mon]-am0941 
-----------------------------------------------------------------------
Check For Process.
----------------------------------
-- Starting Process.
'ent.exe"' is not recognized as an internal or external command,
operable program or batch file.
---------------- End  : C:\Scripts\Check-ProgramRunning.cmd on AMD4600 ----------------
-----------------------------------------------------------------------
-- DATE-TIME=20110606[Mon]-am0942 
-----------------------------------------------------------------------

---------------- Start: C:\Scripts\Check-ProgramRunning.cmd on AMD4600 ----------------
-----------------------------------------------------------------------
-- DATE-TIME=20110606[Mon]-am0942 
-----------------------------------------------------------------------
Check For Process.
----------------------------------
-- Starting Process.
---------------- End  : C:\Scripts\Check-ProgramRunning.cmd on AMD4600 ----------------
-----------------------------------------------------------------------
-- DATE-TIME=20110606[Mon]-am0942 
-----------------------------------------------------------------------

---------------- Start: C:\Scripts\Check-ProgramRunning.cmd on AMD4600 ----------------
-----------------------------------------------------------------------
-- DATE-TIME=20110607[Tue]-am0358 
-----------------------------------------------------------------------
Check For Process.
----------------------------------
-- Starting Process.
---------------- End  : C:\Scripts\Check-ProgramRunning.cmd on AMD4600 ----------------
-----------------------------------------------------------------------
-- DATE-TIME=20110607[Tue]-am0358 
-----------------------------------------------------------------------

---------------- Start: C:\Scripts\Check-ProgramRunning.cmd on AMD4600 ----------------
-----------------------------------------------------------------------
-- DATE-TIME=20110608[Wed]-am0358 
-----------------------------------------------------------------------
Check For Process.
----------------------------------
-- Starting Process.
---------------- End  : C:\Scripts\Check-ProgramRunning.cmd on AMD4600 ----------------
-----------------------------------------------------------------------
-- DATE-TIME=20110608[Wed]-am0358 
-----------------------------------------------------------------------

---------------- Start: C:\Scripts\Check-ProgramRunning.cmd on AMD4600 ----------------
-----------------------------------------------------------------------
-- DATE-TIME=20110609[Thu]-am0358 
-----------------------------------------------------------------------
Check For Process.
----------------------------------
-- Starting Process.
---------------- End  : C:\Scripts\Check-ProgramRunning.cmd on AMD4600 ----------------
-----------------------------------------------------------------------
-- DATE-TIME=20110609[Thu]-am0358 
-----------------------------------------------------------------------

---------------- Start: C:\Scripts\Check-ProgramRunning.cmd on AMD4600 ----------------
-----------------------------------------------------------------------
-- DATE-TIME=20110609[Thu]-am0359 
-----------------------------------------------------------------------
Check For Process.
----------------------------------
-- Starting Process.
---------------- End  : C:\Scripts\Check-ProgramRunning.cmd on AMD4600 ----------------
-----------------------------------------------------------------------
-- DATE-TIME=20110609[Thu]-am0359 
-----------------------------------------------------------------------

---------------- Start: C:\Scripts\Check-ProgramRunning.cmd on AMD4600 ----------------
-----------------------------------------------------------------------
-- DATE-TIME=20110609[Thu]-am0400 
-----------------------------------------------------------------------
Check For Process.
----------------------------------
-- Starting Process.
---------------- End  : C:\Scripts\Check-ProgramRunning.cmd on AMD4600 ----------------
-----------------------------------------------------------------------
-- DATE-TIME=20110609[Thu]-am0400 
-----------------------------------------------------------------------

---------------- Start: C:\Scripts\Check-ProgramRunning.cmd on AMD4600 ----------------
-----------------------------------------------------------------------
-- DATE-TIME=20110609[Thu]-am0401 
-----------------------------------------------------------------------
Check For Process.
----------------------------------
-- Starting Process.
---------------- End  : C:\Scripts\Check-ProgramRunning.cmd on AMD4600 ----------------
-----------------------------------------------------------------------
-- DATE-TIME=20110609[Thu]-am0401 
-----------------------------------------------------------------------

---------------- Start: C:\Scripts\Check-ProgramRunning.cmd on AMD4600 ----------------
-----------------------------------------------------------------------
-- DATE-TIME=20110610[Fri]-am0358 
-----------------------------------------------------------------------
Check For Process.
----------------------------------
uTorrent.exe                  2596 Console                    1     46,244 K
-- Process Already Running.
---------------- End  : C:\Scripts\Check-ProgramRunning.cmd on AMD4600 ----------------
-----------------------------------------------------------------------
-- DATE-TIME=20110610[Fri]-am0358 
-----------------------------------------------------------------------

---------------- Start: C:\Scripts\Check-ProgramRunning.cmd on AMD4600 ----------------
-----------------------------------------------------------------------
-- DATE-TIME=20110610[Fri]-am0359 
-----------------------------------------------------------------------
Check For Process.
----------------------------------
uTorrent.exe                  2596 Console                    1     46,268 K
-- Process Already Running.
---------------- End  : C:\Scripts\Check-ProgramRunning.cmd on AMD4600 ----------------
-----------------------------------------------------------------------
-- DATE-TIME=20110610[Fri]-am0359 
-----------------------------------------------------------------------

---------------- Start: C:\Scripts\Check-ProgramRunning.cmd on AMD4600 ----------------
-----------------------------------------------------------------------
-- DATE-TIME=20110610[Fri]-am0400 
-----------------------------------------------------------------------
Check For Process.
----------------------------------
uTorrent.exe                  2596 Console                    1     46,268 K
-- Process Already Running.
---------------- End  : C:\Scripts\Check-ProgramRunning.cmd on AMD4600 ----------------
-----------------------------------------------------------------------
-- DATE-TIME=20110610[Fri]-am0400 
-----------------------------------------------------------------------

---------------- Start: C:\Scripts\Check-ProgramRunning.cmd on AMD4600 ----------------
-----------------------------------------------------------------------
-- DATE-TIME=20110610[Fri]-am0401 
-----------------------------------------------------------------------
Check For Process.
----------------------------------
uTorrent.exe                  2596 Console                    1     46,268 K
-- Process Already Running.
---------------- End  : C:\Scripts\Check-ProgramRunning.cmd on AMD4600 ----------------
-----------------------------------------------------------------------
-- DATE-TIME=20110610[Fri]-am0401 
-----------------------------------------------------------------------

---------------- Start: C:\Scripts\Check-ProgramRunning.cmd on AMD4600 ----------------
-----------------------------------------------------------------------
-- DATE-TIME=20110610[Fri]-pm1015 
-----------------------------------------------------------------------
---------------- End  : C:\Scripts\Check-ProgramRunning.cmd on AMD4600 ----------------
-----------------------------------------------------------------------
-- DATE-TIME=20110610[Fri]-pm1015 
-----------------------------------------------------------------------

---------------- Start: C:\Scripts\Check-ProgramRunning.cmd on AMD4600 ----------------
-----------------------------------------------------------------------
-- DATE-TIME=20110611[Sat]-am0358 
-----------------------------------------------------------------------

---------------- Start: C:\Scripts\Check-ProgramRunning.cmd on AMD4600 ----------------
-----------------------------------------------------------------------
-- DATE-TIME=20110618[Sat]-am0358 
-----------------------------------------------------------------------
