A system shutdown is in progress.
A system shutdown is in progress.
A system shutdown is in progress.
A system shutdown is in progress.
A system shutdown is in progress.
A system shutdown is in progress.
A system shutdown is in progress.
A system shutdown is in progress.
A system shutdown is in progress.
shutdown.exe /f /s /c "Automated shutdown: C:\Scripts\Shutdown-Workstation.cmd" 
shutdown.exe /f /s /c "Automated shutdown: C:\Scripts\Shutdown-Workstation.cmd" 
-----------------------------------------------------------------------
-- DATE-TIME=20100526[Wed]-am1259 
-----------------------------------------------------------------------
-----------------------------------------------------------------------
-- DATE-TIME=20100526[Wed]-am0505 
-----------------------------------------------------------------------
-----------------------------------------------------------------------
-- DATE-TIME=20100526[Wed]-pm0315 
-----------------------------------------------------------------------
-----------------------------------------------------------------------
-- DATE-TIME=20100527[Thu]-am0505 
-----------------------------------------------------------------------
-----------------------------------------------------------------------
-- DATE-TIME=20100528[Fri]-pm0315 
-----------------------------------------------------------------------
-----------------------------------------------------------------------
-- DATE-TIME=20101104[Thu]-am0505 
-----------------------------------------------------------------------
-----------------------------------------------------------------------
-- DATE-TIME=20110520[Fri]-am0815 
-----------------------------------------------------------------------

---------------- Start: c:\Scripts\Shutdown-Workstation.cmd on AMD4600 ----------------
-----------------------------------------------------------------------
-- DATE-TIME=20110606[Mon]-am0933 
-----------------------------------------------------------------------
Shutting down Workstation.
----------------------------------
---------------- End  : c:\Scripts\Shutdown-Workstation.cmd on AMD4600 ----------------
-----------------------------------------------------------------------
-- DATE-TIME=20110606[Mon]-am0933 
-----------------------------------------------------------------------

---------------- Start: C:\Scripts\Shutdown-Workstation.cmd on AMD4600 ----------------
-----------------------------------------------------------------------
-- DATE-TIME=20110729[Fri]-am0815 
-----------------------------------------------------------------------
Shutting down Workstation.
----------------------------------
---------------- End  : C:\Scripts\Shutdown-Workstation.cmd on AMD4600 ----------------
-----------------------------------------------------------------------
-- DATE-TIME=20110729[Fri]-am0815 
-----------------------------------------------------------------------

---------------- Start: C:\Scripts\Shutdown-Workstation.cmd on AMD4600 ----------------
-----------------------------------------------------------------------
-- DATE-TIME=20110927[Tue]-am0100 
-----------------------------------------------------------------------
Shutting down Workstation.
----------------------------------
---------------- End  : C:\Scripts\Shutdown-Workstation.cmd on AMD4600 ----------------
-----------------------------------------------------------------------
-- DATE-TIME=20110927[Tue]-am0100 
-----------------------------------------------------------------------

---------------- Start: C:\Scripts\Shutdown-Workstation.cmd on AMD4600 ----------------
-----------------------------------------------------------------------
-- DATE-TIME=20111110[Thu]-am1007 
-----------------------------------------------------------------------
Shutting down Workstation.
----------------------------------
---------------- End  : C:\Scripts\Shutdown-Workstation.cmd on AMD4600 ----------------
-----------------------------------------------------------------------
-- DATE-TIME=20111110[Thu]-am1007 
-----------------------------------------------------------------------

---------------- Start: C:\Scripts\Shutdown-Workstation.cmd on AMD4600 ----------------
-----------------------------------------------------------------------
-- DATE-TIME=20111110[Thu]-am1010 
-----------------------------------------------------------------------
Shutting down Workstation.
----------------------------------
---------------- End  : C:\Scripts\Shutdown-Workstation.cmd on AMD4600 ----------------
-----------------------------------------------------------------------
-- DATE-TIME=20111110[Thu]-am1010 
-----------------------------------------------------------------------

---------------- Start: C:\Scripts\Shutdown-Workstation.cmd on AMD4600 ----------------
-----------------------------------------------------------------------
-- DATE-TIME=20120314[Wed]-pm0700 
-----------------------------------------------------------------------
Shutting down Workstation.
----------------------------------
---------------- End  : C:\Scripts\Shutdown-Workstation.cmd on AMD4600 ----------------
-----------------------------------------------------------------------
-- DATE-TIME=20120314[Wed]-pm0700 
-----------------------------------------------------------------------

---------------- Start: C:\Scripts\Shutdown-Workstation.cmd on AMD4600 ----------------
-----------------------------------------------------------------------
-- DATE-TIME=20130529[Wed]-am0816 
-----------------------------------------------------------------------
Shutting down Workstation.
----------------------------------
---------------- End  : C:\Scripts\Shutdown-Workstation.cmd on AMD4600 ----------------
-----------------------------------------------------------------------
-- DATE-TIME=20130529[Wed]-am0816 
-----------------------------------------------------------------------

---------------- Start: C:\Scripts\Shutdown-Workstation.cmd on AMD4600 ----------------
-----------------------------------------------------------------------
-- DATE-TIME=20130529[Wed]-am1000 
-----------------------------------------------------------------------
Shutting down Workstation.
----------------------------------
---------------- End  : C:\Scripts\Shutdown-Workstation.cmd on AMD4600 ----------------
-----------------------------------------------------------------------
-- DATE-TIME=20130529[Wed]-am1000 
-----------------------------------------------------------------------

---------------- Start: C:\Scripts\Shutdown-Workstation.cmd on AMD4600 ----------------
-----------------------------------------------------------------------
-- DATE-TIME=20140301[Sat]-am0900 
-----------------------------------------------------------------------
Shutting down Workstation.
----------------------------------
---------------- End  : C:\Scripts\Shutdown-Workstation.cmd on AMD4600 ----------------
-----------------------------------------------------------------------
-- DATE-TIME=20140301[Sat]-am0900 
-----------------------------------------------------------------------

---------------- Start: C:\Scripts\Shutdown-Workstation.cmd on AMD4600 ----------------
-----------------------------------------------------------------------
-- DATE-TIME=20140413[Sun]-pm1155 
-----------------------------------------------------------------------
Shutting down Workstation.
----------------------------------
---------------- End  : C:\Scripts\Shutdown-Workstation.cmd on AMD4600 ----------------
-----------------------------------------------------------------------
-- DATE-TIME=20140413[Sun]-pm1155 
-----------------------------------------------------------------------
